Using pre-set license
Built from '2021.3/release' branch; Version is '2021.3.17f1 (3e8111cac19d) revision 4096273'; Using compiler version '192829333'; Build Type 'Release'
OS: 'Windows 10  (10.0.19045) 64bit Professional' Language: 'ko' Physical Memory: 32490 MB
BatchMode: 1, IsHumanControllingUs: 0, StartBugReporterOnCrash: 0, Is64bit: 1, IsPro: 1

COMMAND LINE ARGUMENTS:
C:\Program Files\Unity\Hub\Editor\2021.3.17f1\Editor\Unity.exe
-adb2
-batchMode
-noUpm
-name
AssetImportWorker0
-projectPath
C:/Users/user/unity/SuperBaby
-logFile
Logs/AssetImportWorker0.log
-srvPort
57367
Successfully changed project path to: C:/Users/user/unity/SuperBaby
C:/Users/user/unity/SuperBaby
[UnityMemory] Configuration Parameters - Can be set up in boot.config
    "memorysetup-bucket-allocator-granularity=16"
    "memorysetup-bucket-allocator-bucket-count=8"
    "memorysetup-bucket-allocator-block-size=33554432"
    "memorysetup-bucket-allocator-block-count=8"
    "memorysetup-main-allocator-block-size=16777216"
    "memorysetup-thread-allocator-block-size=16777216"
    "memorysetup-gfx-main-allocator-block-size=16777216"
    "memorysetup-gfx-thread-allocator-block-size=16777216"
    "memorysetup-cache-allocator-block-size=4194304"
    "memorysetup-typetree-allocator-block-size=2097152"
    "memorysetup-profiler-bucket-allocator-granularity=16"
    "memorysetup-profiler-bucket-allocator-bucket-count=8"
    "memorysetup-profiler-bucket-allocator-block-size=33554432"
    "memorysetup-profiler-bucket-allocator-block-count=8"
    "memorysetup-profiler-allocator-block-size=16777216"
    "memorysetup-profiler-editor-allocator-block-size=1048576"
    "memorysetup-temp-allocator-size-main=16777216"
    "memorysetup-job-temp-allocator-block-size=2097152"
    "memorysetup-job-temp-allocator-block-size-background=1048576"
    "memorysetup-job-temp-allocator-reduction-small-platforms=262144"
    "memorysetup-temp-allocator-size-background-worker=32768"
    "memorysetup-temp-allocator-size-job-worker=262144"
    "memorysetup-temp-allocator-size-preload-manager=33554432"
    "memorysetup-temp-allocator-size-nav-mesh-worker=65536"
    "memorysetup-temp-allocator-size-audio-worker=65536"
    "memorysetup-temp-allocator-size-cloud-worker=32768"
    "memorysetup-temp-allocator-size-gi-baking-worker=262144"
    "memorysetup-temp-allocator-size-gfx=262144"
Player connection [49220] Host "[IP] 192.168.0.132 [Port] 0 [Flags] 2 [Guid] 2802737376 [EditorId] 2802737376 [Version] 1048832 [Id] WindowsEditor(7,¸®¾Ï) [Debug] 1 [PackageName] WindowsEditor [ProjectName] Editor" joined multi-casting on [225.0.0.222:54997]...

Player connection [49220] Host "[IP] 192.168.0.132 [Port] 0 [Flags] 2 [Guid] 2802737376 [EditorId] 2802737376 [Version] 1048832 [Id] WindowsEditor(7,¸®¾Ï) [Debug] 1 [PackageName] WindowsEditor [ProjectName] Editor" joined alternative multi-casting on [225.0.0.222:34997]...

Refreshing native plugins compatible for Editor in 89.76 ms, found 4 plugins.
Preloading 0 native plugins for Editor in 0.00 ms.
Initialize engine version: 2021.3.17f1 (3e8111cac19d)
[Subsystems] Discovering subsystems at path C:/Program Files/Unity/Hub/Editor/2021.3.17f1/Editor/Data/Resources/UnitySubsystems
[Subsystems] Discovering subsystems at path C:/Users/user/unity/SuperBaby/Assets
GfxDevice: creating device client; threaded=0; jobified=0
Direct3D:
    Version:  Direct3D 11.0 [level 11.1]
    Renderer: NVIDIA GeForce RTX 3060 Laptop GPU (ID=0x2520)
    Vendor:   NVIDIA
    VRAM:     6023 MB
    Driver:   31.0.15.1720
Initialize mono
Mono path[0] = 'C:/Program Files/Unity/Hub/Editor/2021.3.17f1/Editor/Data/Managed'
Mono path[1] = 'C:/Program Files/Unity/Hub/Editor/2021.3.17f1/Editor/Data/MonoBleedingEdge/lib/mono/unityjit-win32'
Mono config path = 'C:/Program Files/Unity/Hub/Editor/2021.3.17f1/Editor/Data/MonoBleedingEdge/etc'
Using monoOptions --debugger-agent=transport=dt_socket,embedding=1,server=y,suspend=n,address=127.0.0.1:56664
Begin MonoManager ReloadAssembly
Registering precompiled unity dll's ...
Register platform support module: C:/Program Files/Unity/Hub/Editor/2021.3.17f1/Editor/Data/PlaybackEngines/WebGLSupport/UnityEditor.WebGL.Extensions.dll
Register platform support module: C:/Program Files/Unity/Hub/Editor/2021.3.17f1/Editor/Data/PlaybackEngines/AndroidPlayer/UnityEditor.Android.Extensions.dll
Register platform support module: C:/Program Files/Unity/Hub/Editor/2021.3.17f1/Editor/Data/PlaybackEngines/WindowsStandaloneSupport/UnityEditor.WindowsStandalone.Extensions.dll
Registered in 0.011102 seconds.
Native extension for WindowsStandalone target not found
Native extension for Android target not found
Android Extension - Scanning For ADB Devices 211 ms
Native extension for WebGL target not found
Refreshing native plugins compatible for Editor in 83.00 ms, found 4 plugins.
Preloading 0 native plugins for Editor in 0.00 ms.
Mono: successfully reloaded assembly
- Completed reload, in  0.942 seconds
Domain Reload Profiling:
	ReloadAssembly (943ms)
		BeginReloadAssembly (62ms)
			ExecutionOrderSort (0ms)
			DisableScriptedObjects (0ms)
			BackupInstance (0ms)
			ReleaseScriptingObjects (0ms)
			CreateAndSetChildDomain (1ms)
		EndReloadAssembly (754ms)
			LoadAssemblies (61ms)
			RebuildTransferFunctionScriptingTraits (0ms)
			SetupTypeCache (144ms)
			ReleaseScriptCaches (0ms)
			RebuildScriptCaches (38ms)
			SetupLoadedEditorAssemblies (506ms)
				LogAssemblyErrors (0ms)
				InitializePlatformSupportModulesInManaged (267ms)
				SetLoadedEditorAssemblies (0ms)
				RefreshPlugins (83ms)
				BeforeProcessingInitializeOnLoad (2ms)
				ProcessInitializeOnLoadAttributes (101ms)
				ProcessInitializeOnLoadMethodAttributes (52ms)
				AfterProcessingInitializeOnLoad (0ms)
				EditorAssembliesLoaded (0ms)
			ExecutionOrderSort2 (0ms)
			AwakeInstancesAfterBackupRestoration (0ms)
Platform modules already initialized, skipping
Registering precompiled user dll's ...
Registered in 0.008069 seconds.
Begin MonoManager ReloadAssembly
Symbol file LoadedFromMemory doesn't match image C:\Users\user\unity\SuperBaby\Library\PackageCache\com.unity.visualscripting@1.8.0\Editor\VisualScripting.Core\Dependencies\YamlDotNet\Unity.VisualScripting.YamlDotNet.dll
Symbol file LoadedFromMemory doesn't match image C:\Users\user\unity\SuperBaby\Library\PackageCache\com.unity.visualscripting@1.8.0\Editor\VisualScripting.Core\Dependencies\DotNetZip\Unity.VisualScripting.IonicZip.dll
Native extension for WindowsStandalone target not found
Native extension for Android target not found
Native extension for WebGL target not found
Refreshing native plugins compatible for Editor in 87.44 ms, found 4 plugins.
Preloading 0 native plugins for Editor in 0.00 ms.
Mono: successfully reloaded assembly
- Completed reload, in  1.139 seconds
Domain Reload Profiling:
	ReloadAssembly (1140ms)
		BeginReloadAssembly (109ms)
			ExecutionOrderSort (0ms)
			DisableScriptedObjects (7ms)
			BackupInstance (0ms)
			ReleaseScriptingObjects (0ms)
			CreateAndSetChildDomain (21ms)
		EndReloadAssembly (904ms)
			LoadAssemblies (71ms)
			RebuildTransferFunctionScriptingTraits (0ms)
			SetupTypeCache (241ms)
			ReleaseScriptCaches (1ms)
			RebuildScriptCaches (58ms)
			SetupLoadedEditorAssemblies (480ms)
				LogAssemblyErrors (0ms)
				InitializePlatformSupportModulesInManaged (22ms)
				SetLoadedEditorAssemblies (0ms)
				RefreshPlugins (87ms)
				BeforeProcessingInitializeOnLoad (65ms)
				ProcessInitializeOnLoadAttributes (268ms)
				ProcessInitializeOnLoadMethodAttributes (26ms)
				AfterProcessingInitializeOnLoad (10ms)
				EditorAssembliesLoaded (0ms)
			ExecutionOrderSort2 (0ms)
			AwakeInstancesAfterBackupRestoration (7ms)
Platform modules already initialized, skipping
========================================================================
Worker process is ready to serve import requests
Launched and connected shader compiler UnityShaderCompiler.exe after 0.05 seconds
Refreshing native plugins compatible for Editor in 0.75 ms, found 4 plugins.
Preloading 0 native plugins for Editor in 0.00 ms.
Unloading 3339 Unused Serialized files (Serialized files now loaded: 0)
Unloading 40 unused Assets / (56.1 KB). Loaded Objects now: 3788.
Memory consumption went from 114.3 MB to 114.3 MB.
Total: 3.878600 ms (FindLiveObjects: 0.361500 ms CreateObjectMapping: 0.179000 ms MarkObjects: 3.247900 ms  DeleteObjects: 0.088700 ms)

AssetImportParameters requested are different than current active one (requested -> active):
  custom:video-decoder-ogg-theora: a1e56fd34408186e4bbccfd4996cb3dc -> 
  custom:container-muxer-webm: aa71ff27fc2769a1b78a27578f13a17b -> 
  custom:container-demuxer-webm: 4f35f7cbe854078d1ac9338744f61a02 -> 
  custom:video-encoder-webm-vp8: eb34c28f22e8b96e1ab97ce403110664 -> 
  custom:audio-encoder-webm-vorbis: bf7c407c2cedff20999df2af8eb42d56 -> 
  custom:framework-win-MediaFoundation: 216162199b28c13a410421893ffa2e32 -> 
  custom:container-demuxer-ogg: 62fdf1f143b41e24485cea50d1cbac27 -> 
  custom:video-decoder-webm-vp8: 9c59270c3fd7afecdb556c50c9e8de78 -> 
  custom:audio-decoder-ogg-vorbis: bf7c407c2cedff20999df2af8eb42d56 -> 
========================================================================
Received Import Request.
  Time since last request: 1437928.315537 seconds.
  path: Assets/Arts/UI
  artifactKey: Guid(6366f85c6dd2a204e8aa54b46f525c6e) Importer(815301076,1909f56bfc062723c751e8b465ee728b)
Start importing Assets/Arts/UI using Guid(6366f85c6dd2a204e8aa54b46f525c6e) Importer(815301076,1909f56bfc062723c751e8b465ee728b)  -> (artifact id: '708340e2f54daca573a187237daef168') in 0.013567 seconds 
========================================================================
Received Import Request.
  Time since last request: 22.824851 seconds.
  path: Assets/Arts/UI/Calandor
  artifactKey: Guid(39236c453b774c740bcb9630feb7dd29) Importer(815301076,1909f56bfc062723c751e8b465ee728b)
Start importing Assets/Arts/UI/Calandor using Guid(39236c453b774c740bcb9630feb7dd29) Importer(815301076,1909f56bfc062723c751e8b465ee728b)  -> (artifact id: '9b41bd87122e2e2cf6956c96c592be3a') in 0.006464 seconds 
========================================================================
Received Import Request.
  Time since last request: 13.205267 seconds.
  path: Assets/Arts/UI/Calendar
  artifactKey: Guid(39236c453b774c740bcb9630feb7dd29) Importer(815301076,1909f56bfc062723c751e8b465ee728b)
Start importing Assets/Arts/UI/Calendar using Guid(39236c453b774c740bcb9630feb7dd29) Importer(815301076,1909f56bfc062723c751e8b465ee728b)  -> (artifact id: 'c823b4cc18c9b59e846cbf41d03de3b8') in 0.006933 seconds 
========================================================================
Received Import Request.
  Time since last request: 4.298580 seconds.
  path: Assets/Arts/UI/Calendar/calendar_background.png
  artifactKey: Guid(5916af3415985664dab7895a72cccd92) Importer(815301076,1909f56bfc062723c751e8b465ee728b)
Start importing Assets/Arts/UI/Calendar/calendar_background.png using Guid(5916af3415985664dab7895a72cccd92) Importer(815301076,1909f56bfc062723c751e8b465ee728b)  -> (artifact id: 'a10844d873cee09c0dfcafdd0d2aee7a') in 0.176747 seconds 
========================================================================
Received Import Request.
  Time since last request: 0.000025 seconds.
  path: Assets/Arts/UI/Calendar/paper_background.png
  artifactKey: Guid(89c24f740828e8c46929a8659afcca29) Importer(815301076,1909f56bfc062723c751e8b465ee728b)
Start importing Assets/Arts/UI/Calendar/paper_background.png using Guid(89c24f740828e8c46929a8659afcca29) Importer(815301076,1909f56bfc062723c751e8b465ee728b)  -> (artifact id: 'cf5a760aea4c535fc3bd235480e95040') in 0.056938 seconds 
========================================================================
Received Import Request.
  Time since last request: 0.000028 seconds.
  path: Assets/Arts/UI/Calendar/calendar_longsquaregreen.png
  artifactKey: Guid(4787411c2c46ff9439681069f7c1fca3) Importer(815301076,1909f56bfc062723c751e8b465ee728b)
Start importing Assets/Arts/UI/Calendar/calendar_longsquaregreen.png using Guid(4787411c2c46ff9439681069f7c1fca3) Importer(815301076,1909f56bfc062723c751e8b465ee728b)  -> (artifact id: '8704b9dcb81d552b2b193cb4fd53a2aa') in 0.021251 seconds 
========================================================================
Received Import Request.
  Time since last request: 0.000026 seconds.
  path: Assets/Arts/UI/Calendar/flagpostit_orange.png
  artifactKey: Guid(7ed4b6315539c3847a2f4de32543c993) Importer(815301076,1909f56bfc062723c751e8b465ee728b)
Start importing Assets/Arts/UI/Calendar/flagpostit_orange.png using Guid(7ed4b6315539c3847a2f4de32543c993) Importer(815301076,1909f56bfc062723c751e8b465ee728b)  -> (artifact id: '78109532db9506b7ebfd3a09e8e9a239') in 0.024636 seconds 
========================================================================
Received Import Request.
  Time since last request: 39.287033 seconds.
  path: Assets/Arts/UI/Dialogue
  artifactKey: Guid(78aa4a109cfd601428e93bd8202d1d01) Importer(815301076,1909f56bfc062723c751e8b465ee728b)
Start importing Assets/Arts/UI/Dialogue using Guid(78aa4a109cfd601428e93bd8202d1d01) Importer(815301076,1909f56bfc062723c751e8b465ee728b)  -> (artifact id: '4e3e84a2752db511b4e7713f8732a797') in 0.006318 seconds 
========================================================================
Received Import Request.
  Time since last request: 49.188833 seconds.
  path: Assets/Arts/UI/Dialogue/option.png
  artifactKey: Guid(70c72ae214c7fe74dbfa66695b2c880c) Importer(815301076,1909f56bfc062723c751e8b465ee728b)
Start importing Assets/Arts/UI/Dialogue/option.png using Guid(70c72ae214c7fe74dbfa66695b2c880c) Importer(815301076,1909f56bfc062723c751e8b465ee728b)  -> (artifact id: '57765826f0bda46244e537ccd4972d7d') in 0.051831 seconds 
========================================================================
Received Import Request.
  Time since last request: 37.057694 seconds.
  path: Assets/Arts/UI/Dialogue/talkbubble.png
  artifactKey: Guid(3d1e1d2a5fa9192498845be86ec3068e) Importer(815301076,1909f56bfc062723c751e8b465ee728b)
Start importing Assets/Arts/UI/Dialogue/talkbubble.png using Guid(3d1e1d2a5fa9192498845be86ec3068e) Importer(815301076,1909f56bfc062723c751e8b465ee728b)  -> (artifact id: '30a7a88b651f0141cf8c13d8246e4eca') in 0.012369 seconds 
========================================================================
Received Import Request.
  Time since last request: 0.012746 seconds.
  path: Assets/Arts/UI/Dialogue/option.png
  artifactKey: Guid(70c72ae214c7fe74dbfa66695b2c880c) Importer(815301076,1909f56bfc062723c751e8b465ee728b)
Start importing Assets/Arts/UI/Dialogue/option.png using Guid(70c72ae214c7fe74dbfa66695b2c880c) Importer(815301076,1909f56bfc062723c751e8b465ee728b)  -> (artifact id: '570adefb278387c6f27d6b84264823c2') in 0.010975 seconds 
========================================================================
Received Import Request.
  Time since last request: 50.052904 seconds.
  path: Assets/Arts/UI/Calendar/calendar_background.png
  artifactKey: Guid(5916af3415985664dab7895a72cccd92) Importer(815301076,1909f56bfc062723c751e8b465ee728b)
Start importing Assets/Arts/UI/Calendar/calendar_background.png using Guid(5916af3415985664dab7895a72cccd92) Importer(815301076,1909f56bfc062723c751e8b465ee728b)  -> (artifact id: '96c39ac64129d768249ab16a2c80f8f0') in 0.011896 seconds 
========================================================================
Received Import Request.
  Time since last request: 0.000032 seconds.
  path: Assets/Arts/UI/Calendar/calendar_icon.png
  artifactKey: Guid(53632b6c649604f4aa61e1df38a7b5e7) Importer(815301076,1909f56bfc062723c751e8b465ee728b)
Start importing Assets/Arts/UI/Calendar/calendar_icon.png using Guid(53632b6c649604f4aa61e1df38a7b5e7) Importer(815301076,1909f56bfc062723c751e8b465ee728b)  -> (artifact id: '6b567ebbf073c85292a1ce9a748c2f24') in 0.013510 seconds 
========================================================================
Received Import Request.
  Time since last request: 0.000026 seconds.
  path: Assets/Arts/UI/Calendar/paper_background.png
  artifactKey: Guid(89c24f740828e8c46929a8659afcca29) Importer(815301076,1909f56bfc062723c751e8b465ee728b)
Start importing Assets/Arts/UI/Calendar/paper_background.png using Guid(89c24f740828e8c46929a8659afcca29) Importer(815301076,1909f56bfc062723c751e8b465ee728b)  -> (artifact id: '9ee1bcca02a4b68b739843f0fb081710') in 0.012660 seconds 
========================================================================
Received Import Request.
  Time since last request: 0.000031 seconds.
  path: Assets/Arts/UI/Calendar/flagpostit_green.png
  artifactKey: Guid(a365078fb7d26ef4b9f66d23e8a635f1) Importer(815301076,1909f56bfc062723c751e8b465ee728b)
Start importing Assets/Arts/UI/Calendar/flagpostit_green.png using Guid(a365078fb7d26ef4b9f66d23e8a635f1) Importer(815301076,1909f56bfc062723c751e8b465ee728b)  -> (artifact id: '884c9f0ad8489df29ca0cc16ad083dce') in 0.011188 seconds 
========================================================================
Received Import Request.
  Time since last request: 0.000020 seconds.
  path: Assets/Arts/UI/Calendar/paper_option.png
  artifactKey: Guid(3b45aeb36ad386f48a451717270368af) Importer(815301076,1909f56bfc062723c751e8b465ee728b)
Start importing Assets/Arts/UI/Calendar/paper_option.png using Guid(3b45aeb36ad386f48a451717270368af) Importer(815301076,1909f56bfc062723c751e8b465ee728b)  -> (artifact id: 'e60eeee189d962ef03622526e3288699') in 0.015113 seconds 
========================================================================
Received Import Request.
  Time since last request: 0.000019 seconds.
  path: Assets/Arts/UI/Calendar/flagpostit_blue.png
  artifactKey: Guid(fad6344ae192dbf409e72bbc45dfe7f1) Importer(815301076,1909f56bfc062723c751e8b465ee728b)
Start importing Assets/Arts/UI/Calendar/flagpostit_blue.png using Guid(fad6344ae192dbf409e72bbc45dfe7f1) Importer(815301076,1909f56bfc062723c751e8b465ee728b)  -> (artifact id: '4059de94b6fb3a5122b0d6cda345104e') in 0.011826 seconds 
========================================================================
Received Prepare
Registering precompiled user dll's ...
Registered in 0.007061 seconds.
Begin MonoManager ReloadAssembly
Symbol file LoadedFromMemory doesn't match image C:\Users\user\unity\SuperBaby\Library\PackageCache\com.unity.visualscripting@1.8.0\Editor\VisualScripting.Core\Dependencies\YamlDotNet\Unity.VisualScripting.YamlDotNet.dll
Symbol file LoadedFromMemory doesn't match image C:\Users\user\unity\SuperBaby\Library\PackageCache\com.unity.visualscripting@1.8.0\Editor\VisualScripting.Core\Dependencies\DotNetZip\Unity.VisualScripting.IonicZip.dll
Native extension for WindowsStandalone target not found
Native extension for Android target not found
Native extension for WebGL target not found
Refreshing native plugins compatible for Editor in 0.68 ms, found 4 plugins.
Preloading 0 native plugins for Editor in 0.00 ms.
Mono: successfully reloaded assembly
- Completed reload, in  0.987 seconds
Domain Reload Profiling:
	ReloadAssembly (988ms)
		BeginReloadAssembly (124ms)
			ExecutionOrderSort (0ms)
			DisableScriptedObjects (6ms)
			BackupInstance (0ms)
			ReleaseScriptingObjects (0ms)
			CreateAndSetChildDomain (33ms)
		EndReloadAssembly (757ms)
			LoadAssemblies (84ms)
			RebuildTransferFunctionScriptingTraits (0ms)
			SetupTypeCache (240ms)
			ReleaseScriptCaches (1ms)
			RebuildScriptCaches (54ms)
			SetupLoadedEditorAssemblies (333ms)
				LogAssemblyErrors (0ms)
				InitializePlatformSupportModulesInManaged (28ms)
				SetLoadedEditorAssemblies (0ms)
				RefreshPlugins (1ms)
				BeforeProcessingInitializeOnLoad (67ms)
				ProcessInitializeOnLoadAttributes (207ms)
				ProcessInitializeOnLoadMethodAttributes (23ms)
				AfterProcessingInitializeOnLoad (7ms)
				EditorAssembliesLoaded (0ms)
			ExecutionOrderSort2 (0ms)
			AwakeInstancesAfterBackupRestoration (7ms)
Platform modules already initialized, skipping
Refreshing native plugins compatible for Editor in 4.26 ms, found 4 plugins.
Preloading 0 native plugins for Editor in 0.00 ms.
Unloading 3370 Unused Serialized files (Serialized files now loaded: 0)
Unloading 33 unused Assets / (25.6 KB). Loaded Objects now: 3850.
Memory consumption went from 119.7 MB to 119.7 MB.
Total: 2.412500 ms (FindLiveObjects: 0.200200 ms CreateObjectMapping: 0.075900 ms MarkObjects: 2.086300 ms  DeleteObjects: 0.049200 ms)

AssetImportParameters requested are different than current active one (requested -> active):
  custom:video-decoder-ogg-theora: a1e56fd34408186e4bbccfd4996cb3dc -> 
  custom:container-muxer-webm: aa71ff27fc2769a1b78a27578f13a17b -> 
  custom:container-demuxer-webm: 4f35f7cbe854078d1ac9338744f61a02 -> 
  custom:video-encoder-webm-vp8: eb34c28f22e8b96e1ab97ce403110664 -> 
  custom:audio-encoder-webm-vorbis: bf7c407c2cedff20999df2af8eb42d56 -> 
  custom:framework-win-MediaFoundation: 216162199b28c13a410421893ffa2e32 -> 
  custom:container-demuxer-ogg: 62fdf1f143b41e24485cea50d1cbac27 -> 
  custom:video-decoder-webm-vp8: 9c59270c3fd7afecdb556c50c9e8de78 -> 
  custom:audio-decoder-ogg-vorbis: bf7c407c2cedff20999df2af8eb42d56 -> 
========================================================================
Received Import Request.
  Time since last request: 101.478356 seconds.
  path: Assets/Arts/UI/Calendar/calendar_background.png
  artifactKey: Guid(5916af3415985664dab7895a72cccd92) Importer(815301076,1909f56bfc062723c751e8b465ee728b)
Start importing Assets/Arts/UI/Calendar/calendar_background.png using Guid(5916af3415985664dab7895a72cccd92) Importer(815301076,1909f56bfc062723c751e8b465ee728b)  -> (artifact id: '2c01434d9ca4891cf6243ec9eb003438') in 0.036324 seconds 
========================================================================
Received Import Request.
  Time since last request: 16.787936 seconds.
  path: Assets/Arts/UI/Calendar/calendar_button.png
  artifactKey: Guid(dee80a7de1c7d1f41814e998304c95ef) Importer(815301076,1909f56bfc062723c751e8b465ee728b)
Start importing Assets/Arts/UI/Calendar/calendar_button.png using Guid(dee80a7de1c7d1f41814e998304c95ef) Importer(815301076,1909f56bfc062723c751e8b465ee728b)  -> (artifact id: '7cbc359a7f3c769a7aa797f36f670642') in 0.027584 seconds 
========================================================================
Received Import Request.
  Time since last request: 0.018743 seconds.
  path: Assets/Arts/UI/Calendar/calendar_background.png
  artifactKey: Guid(5916af3415985664dab7895a72cccd92) Importer(815301076,1909f56bfc062723c751e8b465ee728b)
Start importing Assets/Arts/UI/Calendar/calendar_background.png using Guid(5916af3415985664dab7895a72cccd92) Importer(815301076,1909f56bfc062723c751e8b465ee728b)  -> (artifact id: '1b53a1cd1d111855a1d88ac6090f7779') in 0.066503 seconds 
========================================================================
Received Import Request.
  Time since last request: 14.217009 seconds.
  path: Assets/Arts/UI/Calendar/calendar_icon.png
  artifactKey: Guid(53632b6c649604f4aa61e1df38a7b5e7) Importer(815301076,1909f56bfc062723c751e8b465ee728b)
Start importing Assets/Arts/UI/Calendar/calendar_icon.png using Guid(53632b6c649604f4aa61e1df38a7b5e7) Importer(815301076,1909f56bfc062723c751e8b465ee728b)  -> (artifact id: '0f957b2b31a4ad42147bf64ab3462da3') in 0.015999 seconds 
========================================================================
Received Import Request.
  Time since last request: 13.252118 seconds.
  path: Assets/Arts/UI/Calendar/calendar_longsquareblue.png
  artifactKey: Guid(22e438ad58173ea42a77a2f9bad67107) Importer(815301076,1909f56bfc062723c751e8b465ee728b)
Start importing Assets/Arts/UI/Calendar/calendar_longsquareblue.png using Guid(22e438ad58173ea42a77a2f9bad67107) Importer(815301076,1909f56bfc062723c751e8b465ee728b)  -> (artifact id: 'ad73bf6389308c3b0a670f3759fbd6ff') in 0.017259 seconds 
========================================================================
Received Import Request.
  Time since last request: 11.949861 seconds.
  path: Assets/Arts/UI/Calendar/calendar_longsquaregreen.png
  artifactKey: Guid(4787411c2c46ff9439681069f7c1fca3) Importer(815301076,1909f56bfc062723c751e8b465ee728b)
Start importing Assets/Arts/UI/Calendar/calendar_longsquaregreen.png using Guid(4787411c2c46ff9439681069f7c1fca3) Importer(815301076,1909f56bfc062723c751e8b465ee728b)  -> (artifact id: '482a9feac695d41d47d4b5fcbe437a6c') in 0.016319 seconds 
========================================================================
Received Import Request.
  Time since last request: 17.809699 seconds.
  path: Assets/Arts/UI/Calendar/calendar_longsquareorange.png
  artifactKey: Guid(89934278173f87a46a4d89c5cd43cc68) Importer(815301076,1909f56bfc062723c751e8b465ee728b)
Start importing Assets/Arts/UI/Calendar/calendar_longsquareorange.png using Guid(89934278173f87a46a4d89c5cd43cc68) Importer(815301076,1909f56bfc062723c751e8b465ee728b)  -> (artifact id: 'a297d00f1d8bd3a7d829e4baab04d58d') in 0.018709 seconds 
========================================================================
Received Import Request.
  Time since last request: 8.115549 seconds.
  path: Assets/Arts/UI/Calendar/flagpostit_blue.png
  artifactKey: Guid(fad6344ae192dbf409e72bbc45dfe7f1) Importer(815301076,1909f56bfc062723c751e8b465ee728b)
Start importing Assets/Arts/UI/Calendar/flagpostit_blue.png using Guid(fad6344ae192dbf409e72bbc45dfe7f1) Importer(815301076,1909f56bfc062723c751e8b465ee728b)  -> (artifact id: '9ebf815220af4e1a73ecb12a0aa19ede') in 0.015482 seconds 
========================================================================
Received Import Request.
  Time since last request: 1351.332469 seconds.
  path: Assets/Arts/UI/Note
  artifactKey: Guid(7f11368d32f5e5f4aad2858e0b38400f) Importer(815301076,1909f56bfc062723c751e8b465ee728b)
Start importing Assets/Arts/UI/Note using Guid(7f11368d32f5e5f4aad2858e0b38400f) Importer(815301076,1909f56bfc062723c751e8b465ee728b)  -> (artifact id: '75fa66546c69aec19749308efe972f91') in 0.006979 seconds 
========================================================================
Received Import Request.
  Time since last request: 5.438195 seconds.
  path: Assets/Arts/UI/Note/arrow.png
  artifactKey: Guid(5667c0229ec97374d8eed4683ec1c1ae) Importer(815301076,1909f56bfc062723c751e8b465ee728b)
Start importing Assets/Arts/UI/Note/arrow.png using Guid(5667c0229ec97374d8eed4683ec1c1ae) Importer(815301076,1909f56bfc062723c751e8b465ee728b)  -> (artifact id: '56d7646f3f8227871fe2666cf7fc2621') in 0.014131 seconds 
========================================================================
Received Import Request.
  Time since last request: 0.000029 seconds.
  path: Assets/Arts/UI/Note/note_graphred.png
  artifactKey: Guid(710522425040c8f4eba359d063474874) Importer(815301076,1909f56bfc062723c751e8b465ee728b)
Start importing Assets/Arts/UI/Note/note_graphred.png using Guid(710522425040c8f4eba359d063474874) Importer(815301076,1909f56bfc062723c751e8b465ee728b)  -> (artifact id: 'f12bce7012bde44c72d25926afb1fd78') in 0.016223 seconds 
========================================================================
Received Import Request.
  Time since last request: 0.000025 seconds.
  path: Assets/Arts/UI/Note/note_graphbackground.png
  artifactKey: Guid(8fb34c546ab47f349a064504934d7de6) Importer(815301076,1909f56bfc062723c751e8b465ee728b)
Start importing Assets/Arts/UI/Note/note_graphbackground.png using Guid(8fb34c546ab47f349a064504934d7de6) Importer(815301076,1909f56bfc062723c751e8b465ee728b)  -> (artifact id: '7154377cf68fa681ac9f4958d24c328b') in 0.017184 seconds 
========================================================================
Received Import Request.
  Time since last request: 0.000023 seconds.
  path: Assets/Arts/UI/Note/note_graphgreen.png
  artifactKey: Guid(869dc168327135646aa80c1d83b14187) Importer(815301076,1909f56bfc062723c751e8b465ee728b)
Start importing Assets/Arts/UI/Note/note_graphgreen.png using Guid(869dc168327135646aa80c1d83b14187) Importer(815301076,1909f56bfc062723c751e8b465ee728b)  -> (artifact id: '239091a1ae1ecdfd8e06eddc1d06309e') in 0.018192 seconds 
========================================================================
Received Import Request.
  Time since last request: 5.793290 seconds.
  path: Assets/Arts/UI/Note/note_graphbackground.png
  artifactKey: Guid(8fb34c546ab47f349a064504934d7de6) Importer(815301076,1909f56bfc062723c751e8b465ee728b)
Start importing Assets/Arts/UI/Note/note_graphbackground.png using Guid(8fb34c546ab47f349a064504934d7de6) Importer(815301076,1909f56bfc062723c751e8b465ee728b)  -> (artifact id: '25b11c4b462871fd4ef6e6ff5f7e0660') in 0.009047 seconds 
========================================================================
Received Import Request.
  Time since last request: 0.045786 seconds.
  path: Assets/Arts/UI/Note/arrow.png
  artifactKey: Guid(5667c0229ec97374d8eed4683ec1c1ae) Importer(815301076,1909f56bfc062723c751e8b465ee728b)
Start importing Assets/Arts/UI/Note/arrow.png using Guid(5667c0229ec97374d8eed4683ec1c1ae) Importer(815301076,1909f56bfc062723c751e8b465ee728b)  -> (artifact id: '74df58d54157f99fbaec8379a095e493') in 0.010207 seconds 
========================================================================
Received Import Request.
  Time since last request: 0.000032 seconds.
  path: Assets/Arts/UI/Note/note_graphgreen.png
  artifactKey: Guid(869dc168327135646aa80c1d83b14187) Importer(815301076,1909f56bfc062723c751e8b465ee728b)
Start importing Assets/Arts/UI/Note/note_graphgreen.png using Guid(869dc168327135646aa80c1d83b14187) Importer(815301076,1909f56bfc062723c751e8b465ee728b)  -> (artifact id: 'ca3fdbc3fcc9b1d8f550fa9a962fd5b9') in 0.010386 seconds 
========================================================================
Received Import Request.
  Time since last request: 24.379373 seconds.
  path: Assets/Arts/UI/Calendar/paper_option.png
  artifactKey: Guid(3b45aeb36ad386f48a451717270368af) Importer(815301076,1909f56bfc062723c751e8b465ee728b)
Start importing Assets/Arts/UI/Calendar/paper_option.png using Guid(3b45aeb36ad386f48a451717270368af) Importer(815301076,1909f56bfc062723c751e8b465ee728b)  -> (artifact id: '61a1927526abdc812fd9fe30588263c1') in 0.016091 seconds 
========================================================================
Received Import Request.
  Time since last request: 9.388304 seconds.
  path: Assets/Arts/UI/Calendar/paper_background.png
  artifactKey: Guid(89c24f740828e8c46929a8659afcca29) Importer(815301076,1909f56bfc062723c751e8b465ee728b)
Start importing Assets/Arts/UI/Calendar/paper_background.png using Guid(89c24f740828e8c46929a8659afcca29) Importer(815301076,1909f56bfc062723c751e8b465ee728b)  -> (artifact id: 'f771ba46bb9c099c5b339fa76957a22c') in 0.047059 seconds 
========================================================================
Received Import Request.
  Time since last request: 7.194705 seconds.
  path: Assets/Arts/UI/Calendar/flagpostit_orange.png
  artifactKey: Guid(7ed4b6315539c3847a2f4de32543c993) Importer(815301076,1909f56bfc062723c751e8b465ee728b)
Start importing Assets/Arts/UI/Calendar/flagpostit_orange.png using Guid(7ed4b6315539c3847a2f4de32543c993) Importer(815301076,1909f56bfc062723c751e8b465ee728b)  -> (artifact id: '3920c041a8bd379d5eaf40285ab47fac') in 0.015876 seconds 
========================================================================
Received Import Request.
  Time since last request: 5.596648 seconds.
  path: Assets/Arts/UI/Calendar/flagpostit_green.png
  artifactKey: Guid(a365078fb7d26ef4b9f66d23e8a635f1) Importer(815301076,1909f56bfc062723c751e8b465ee728b)
Start importing Assets/Arts/UI/Calendar/flagpostit_green.png using Guid(a365078fb7d26ef4b9f66d23e8a635f1) Importer(815301076,1909f56bfc062723c751e8b465ee728b)  -> (artifact id: '1b7e4cf7d9c056e5c72a3ec557e523cd') in 0.011900 seconds 
========================================================================
Received Import Request.
  Time since last request: 13.301279 seconds.
  path: Assets/Arts/UI/Dialogue/option.png
  artifactKey: Guid(70c72ae214c7fe74dbfa66695b2c880c) Importer(815301076,1909f56bfc062723c751e8b465ee728b)
Start importing Assets/Arts/UI/Dialogue/option.png using Guid(70c72ae214c7fe74dbfa66695b2c880c) Importer(815301076,1909f56bfc062723c751e8b465ee728b)  -> (artifact id: '8dd7988274e33175f46e16c41b2858d8') in 0.021740 seconds 
========================================================================
Received Import Request.
  Time since last request: 7.733792 seconds.
  path: Assets/Arts/UI/Dialogue/talkbubble.png
  artifactKey: Guid(3d1e1d2a5fa9192498845be86ec3068e) Importer(815301076,1909f56bfc062723c751e8b465ee728b)
Start importing Assets/Arts/UI/Dialogue/talkbubble.png using Guid(3d1e1d2a5fa9192498845be86ec3068e) Importer(815301076,1909f56bfc062723c751e8b465ee728b)  -> (artifact id: '4e8d18fe6cd642f9788eeb96c1e6852e') in 0.041727 seconds 
========================================================================
Received Import Request.
  Time since last request: 8.069394 seconds.
  path: Assets/Arts/UI/Note/arrow.png
  artifactKey: Guid(5667c0229ec97374d8eed4683ec1c1ae) Importer(815301076,1909f56bfc062723c751e8b465ee728b)
Start importing Assets/Arts/UI/Note/arrow.png using Guid(5667c0229ec97374d8eed4683ec1c1ae) Importer(815301076,1909f56bfc062723c751e8b465ee728b)  -> (artifact id: '33803ea173a04c4ece2674e40d36f1d4') in 0.011545 seconds 
========================================================================
Received Import Request.
  Time since last request: 6.998851 seconds.
  path: Assets/Arts/UI/Note/note_background.png
  artifactKey: Guid(a6f4237a76672a54981ccaaa1b6bd52e) Importer(815301076,1909f56bfc062723c751e8b465ee728b)
Start importing Assets/Arts/UI/Note/note_background.png using Guid(a6f4237a76672a54981ccaaa1b6bd52e) Importer(815301076,1909f56bfc062723c751e8b465ee728b)  -> (artifact id: 'f0e8875f7d2234ec3a99f15e34d07415') in 0.061832 seconds 
========================================================================
Received Import Request.
  Time since last request: 6.547903 seconds.
  path: Assets/Arts/UI/Note/note_graphbackground.png
  artifactKey: Guid(8fb34c546ab47f349a064504934d7de6) Importer(815301076,1909f56bfc062723c751e8b465ee728b)
Start importing Assets/Arts/UI/Note/note_graphbackground.png using Guid(8fb34c546ab47f349a064504934d7de6) Importer(815301076,1909f56bfc062723c751e8b465ee728b)  -> (artifact id: '6bb4765f684f994a5461473355270993') in 0.014041 seconds 
========================================================================
Received Import Request.
  Time since last request: 7.422869 seconds.
  path: Assets/Arts/UI/Note/note_graphgreen.png
  artifactKey: Guid(869dc168327135646aa80c1d83b14187) Importer(815301076,1909f56bfc062723c751e8b465ee728b)
Start importing Assets/Arts/UI/Note/note_graphgreen.png using Guid(869dc168327135646aa80c1d83b14187) Importer(815301076,1909f56bfc062723c751e8b465ee728b)  -> (artifact id: '8c38331f1dc0091dd4b3ff18e0a52c64') in 0.012230 seconds 
========================================================================
Received Import Request.
  Time since last request: 7.585820 seconds.
  path: Assets/Arts/UI/Note/note_graphred.png
  artifactKey: Guid(710522425040c8f4eba359d063474874) Importer(815301076,1909f56bfc062723c751e8b465ee728b)
Start importing Assets/Arts/UI/Note/note_graphred.png using Guid(710522425040c8f4eba359d063474874) Importer(815301076,1909f56bfc062723c751e8b465ee728b)  -> (artifact id: '5eee7e65654b315bb7f3ccc882658601') in 0.016113 seconds 
========================================================================
Received Import Request.
  Time since last request: 483.997661 seconds.
  path: Assets/Arts/ìž„ì‹œë¦¬ì†ŒìŠ¤/ì´ˆë¡.jpg
  artifactKey: Guid(3bf6d14c9c1876f448f141a09027d6ae) Importer(815301076,1909f56bfc062723c751e8b465ee728b)
Start importing Assets/Arts/ìž„ì‹œë¦¬ì†ŒìŠ¤/ì´ˆë¡.jpg using Guid(3bf6d14c9c1876f448f141a09027d6ae) Importer(815301076,1909f56bfc062723c751e8b465ee728b)  -> (artifact id: 'bba4e84bfa876bfce912bdfea573612d') in 0.071493 seconds 
========================================================================
Received Import Request.
  Time since last request: 0.828016 seconds.
  path: Assets/Arts/ìž„ì‹œë¦¬ì†ŒìŠ¤/ì£¼í™©.jpg
  artifactKey: Guid(1ec4708afdb97db489ff972fcaf64a90) Importer(815301076,1909f56bfc062723c751e8b465ee728b)
Start importing Assets/Arts/ìž„ì‹œë¦¬ì†ŒìŠ¤/ì£¼í™©.jpg using Guid(1ec4708afdb97db489ff972fcaf64a90) Importer(815301076,1909f56bfc062723c751e8b465ee728b)  -> (artifact id: '93122ca20b1c5e038ced1bab7b015c67') in 0.039927 seconds 
========================================================================
Received Import Request.
  Time since last request: 0.474867 seconds.
  path: Packages/com.unity.collab-proxy/Editor/PlasticSCM/Assets/Images/step2@2x.png
  artifactKey: Guid(0029170d14ce6c04c9f45c22cdae5559) Importer(815301076,1909f56bfc062723c751e8b465ee728b)
Start importing Packages/com.unity.collab-proxy/Editor/PlasticSCM/Assets/Images/step2@2x.png using Guid(0029170d14ce6c04c9f45c22cdae5559) Importer(815301076,1909f56bfc062723c751e8b465ee728b)  -> (artifact id: '85208be3eabe9fa14de0825cd8eb8187') in 0.018010 seconds 
========================================================================
Received Import Request.
  Time since last request: 0.000017 seconds.
  path: Packages/com.unity.collab-proxy/Editor/PlasticSCM/Assets/Images/step2.png
  artifactKey: Guid(cd0b17b71a5c498428ee91dee8a78a88) Importer(815301076,1909f56bfc062723c751e8b465ee728b)
Start importing Packages/com.unity.collab-proxy/Editor/PlasticSCM/Assets/Images/step2.png using Guid(cd0b17b71a5c498428ee91dee8a78a88) Importer(815301076,1909f56bfc062723c751e8b465ee728b)  -> (artifact id: '4d4bdbcb864f96c4dea5e26ca2debd25') in 0.028402 seconds 
========================================================================
Received Import Request.
  Time since last request: 1.173574 seconds.
  path: Packages/com.unity.collab-proxy/Editor/PlasticSCM/Assets/Images/loading.png
  artifactKey: Guid(c6b1bcaa3f4767141acd747384dbb276) Importer(815301076,1909f56bfc062723c751e8b465ee728b)
Start importing Packages/com.unity.collab-proxy/Editor/PlasticSCM/Assets/Images/loading.png using Guid(c6b1bcaa3f4767141acd747384dbb276) Importer(815301076,1909f56bfc062723c751e8b465ee728b)  -> (artifact id: '31710b9a5ad5aecae779ea37e66484e0') in 0.017738 seconds 
========================================================================
Received Import Request.
  Time since last request: 0.012710 seconds.
  path: Packages/com.unity.collab-proxy/Editor/PlasticSCM/Assets/Images/iconplasticnotifyincoming@2x.png
  artifactKey: Guid(ae869fe6797f4454cbbf417d87ff637c) Importer(815301076,1909f56bfc062723c751e8b465ee728b)
Start importing Packages/com.unity.collab-proxy/Editor/PlasticSCM/Assets/Images/iconplasticnotifyincoming@2x.png using Guid(ae869fe6797f4454cbbf417d87ff637c) Importer(815301076,1909f56bfc062723c751e8b465ee728b)  -> (artifact id: 'e8a07c2cd9faf205d3e51517e3fc8047') in 0.018263 seconds 
========================================================================
Received Import Request.
  Time since last request: 0.000019 seconds.
  path: Packages/com.unity.collab-proxy/Editor/PlasticSCM/Assets/Images/iconpressedclosebutton.png
  artifactKey: Guid(94fe868620119564f9474f40cd6145aa) Importer(815301076,1909f56bfc062723c751e8b465ee728b)
Start importing Packages/com.unity.collab-proxy/Editor/PlasticSCM/Assets/Images/iconpressedclosebutton.png using Guid(94fe868620119564f9474f40cd6145aa) Importer(815301076,1909f56bfc062723c751e8b465ee728b)  -> (artifact id: 'c70bb1bf07ace408b845895924cc468c') in 0.019830 seconds 
========================================================================
Received Import Request.
  Time since last request: 0.000014 seconds.
  path: Packages/com.unity.collab-proxy/Editor/PlasticSCM/Assets/Images/iconplasticviewnotify@2x.png
  artifactKey: Guid(0a4da12ff51bd83498216f698c7f20fa) Importer(815301076,1909f56bfc062723c751e8b465ee728b)
Start importing Packages/com.unity.collab-proxy/Editor/PlasticSCM/Assets/Images/iconplasticviewnotify@2x.png using Guid(0a4da12ff51bd83498216f698c7f20fa) Importer(815301076,1909f56bfc062723c751e8b465ee728b)  -> (artifact id: '9ff9a628ef3c91ba212ae1f4bb1e0d6e') in 0.019656 seconds 
========================================================================
Received Import Request.
  Time since last request: 0.000015 seconds.
  path: Packages/com.unity.collab-proxy/Editor/PlasticSCM/Assets/Images/iconplasticview@2x.png
  artifactKey: Guid(97a4e2b6ae08b1140a5ba9e22953e029) Importer(815301076,1909f56bfc062723c751e8b465ee728b)
Start importing Packages/com.unity.collab-proxy/Editor/PlasticSCM/Assets/Images/iconplasticview@2x.png using Guid(97a4e2b6ae08b1140a5ba9e22953e029) Importer(815301076,1909f56bfc062723c751e8b465ee728b)  -> (artifact id: '98113e861c5c056d430623764c1022b9') in 0.016989 seconds 
========================================================================
Received Import Request.
  Time since last request: 0.021972 seconds.
  path: Assets/Arts/ìž„ì‹œë¦¬ì†ŒìŠ¤/TestGif2/frame_14_delay-0.04s.gif
  artifactKey: Guid(313b0fce264e22044b3c1e87f7ab5b32) Importer(815301076,1909f56bfc062723c751e8b465ee728b)
Start importing Assets/Arts/ìž„ì‹œë¦¬ì†ŒìŠ¤/TestGif2/frame_14_delay-0.04s.gif using Guid(313b0fce264e22044b3c1e87f7ab5b32) Importer(815301076,1909f56bfc062723c751e8b465ee728b)  -> (artifact id: 'c60db292545d135324bbdab2691e1ea5') in 0.029238 seconds 
========================================================================
Received Import Request.
  Time since last request: 0.000024 seconds.
  path: Packages/com.unity.collab-proxy/Editor/PlasticSCM/Assets/Images/iconaddedoverlay@2x.png
  artifactKey: Guid(74ef721fef79c44489d4e3edb0ab0c01) Importer(815301076,1909f56bfc062723c751e8b465ee728b)
Start importing Packages/com.unity.collab-proxy/Editor/PlasticSCM/Assets/Images/iconaddedoverlay@2x.png using Guid(74ef721fef79c44489d4e3edb0ab0c01) Importer(815301076,1909f56bfc062723c751e8b465ee728b)  -> (artifact id: '5c4007f5cc7fe96a356d275d2cb94b6c') in 0.024626 seconds 
========================================================================
Received Import Request.
  Time since last request: 0.053935 seconds.
  path: Packages/com.unity.collab-proxy/Editor/PlasticSCM/Assets/Images/d_cloudbuhoshe.png
  artifactKey: Guid(dae33700bd23f76409a80bf78fdb8a42) Importer(815301076,1909f56bfc062723c751e8b465ee728b)
Start importing Packages/com.unity.collab-proxy/Editor/PlasticSCM/Assets/Images/d_cloudbuhoshe.png using Guid(dae33700bd23f76409a80bf78fdb8a42) Importer(815301076,1909f56bfc062723c751e8b465ee728b)  -> (artifact id: 'd828c2547dc19f54784c6d8c188f4dd9') in 0.024941 seconds 
========================================================================
Received Import Request.
  Time since last request: 0.000019 seconds.
  path: Packages/com.unity.collab-proxy/Editor/PlasticSCM/Assets/Images/d_colorbuho.png
  artifactKey: Guid(3a0c527d7f890d64a9b56b086e6e766a) Importer(815301076,1909f56bfc062723c751e8b465ee728b)
Start importing Packages/com.unity.collab-proxy/Editor/PlasticSCM/Assets/Images/d_colorbuho.png using Guid(3a0c527d7f890d64a9b56b086e6e766a) Importer(815301076,1909f56bfc062723c751e8b465ee728b)  -> (artifact id: 'd6131b8ef7bb1d98c5e12226b70c9048') in 0.020391 seconds 
========================================================================
Received Import Request.
  Time since last request: 631.828072 seconds.
  path: Assets/Arts/UI/Note/arrow.png
  artifactKey: Guid(5667c0229ec97374d8eed4683ec1c1ae) Importer(815301076,1909f56bfc062723c751e8b465ee728b)
Start importing Assets/Arts/UI/Note/arrow.png using Guid(5667c0229ec97374d8eed4683ec1c1ae) Importer(815301076,1909f56bfc062723c751e8b465ee728b)  -> (artifact id: '02a919b2e12756de92c3f1b2716fa78c') in 0.011135 seconds 
========================================================================
Received Import Request.
  Time since last request: 36.917518 seconds.
  path: Assets/Arts/UI/Note/arrow 1.png
  artifactKey: Guid(3c152825bbdaeec47a345d786ccebd37) Importer(815301076,1909f56bfc062723c751e8b465ee728b)
Start importing Assets/Arts/UI/Note/arrow 1.png using Guid(3c152825bbdaeec47a345d786ccebd37) Importer(815301076,1909f56bfc062723c751e8b465ee728b)  -> (artifact id: '15a114dc14902c2e6a13a7fc53db2469') in 0.015052 seconds 
========================================================================
Received Import Request.
  Time since last request: 10.819396 seconds.
  path: Assets/Arts/UI/Note/arrow 1.png
  artifactKey: Guid(3c152825bbdaeec47a345d786ccebd37) Importer(815301076,1909f56bfc062723c751e8b465ee728b)
Start importing Assets/Arts/UI/Note/arrow 1.png using Guid(3c152825bbdaeec47a345d786ccebd37) Importer(815301076,1909f56bfc062723c751e8b465ee728b)  -> (artifact id: '54490d90f258c7153b1dd76336066c55') in 0.006184 seconds 
========================================================================
Received Import Request.
  Time since last request: 30.781814 seconds.
  path: Assets/Arts/UI/Note/arrow 1.png
  artifactKey: Guid(3c152825bbdaeec47a345d786ccebd37) Importer(815301076,1909f56bfc062723c751e8b465ee728b)
Start importing Assets/Arts/UI/Note/arrow 1.png using Guid(3c152825bbdaeec47a345d786ccebd37) Importer(815301076,1909f56bfc062723c751e8b465ee728b)  -> (artifact id: 'c3aa5fc708256b59cda3cba64f415af3') in 0.014105 seconds 
========================================================================
Received Import Request.
  Time since last request: 20.740791 seconds.
  path: Assets/Arts/UI/Note/arrow 1.png
  artifactKey: Guid(3c152825bbdaeec47a345d786ccebd37) Importer(815301076,1909f56bfc062723c751e8b465ee728b)
Start importing Assets/Arts/UI/Note/arrow 1.png using Guid(3c152825bbdaeec47a345d786ccebd37) Importer(815301076,1909f56bfc062723c751e8b465ee728b)  -> (artifact id: 'ee88194567b775d9d939e505b1b13203') in 0.010648 seconds 
========================================================================
Received Prepare
Registering precompiled user dll's ...
Registered in 0.006419 seconds.
Begin MonoManager ReloadAssembly
Symbol file LoadedFromMemory doesn't match image C:\Users\user\unity\SuperBaby\Library\PackageCache\com.unity.visualscripting@1.8.0\Editor\VisualScripting.Core\Dependencies\YamlDotNet\Unity.VisualScripting.YamlDotNet.dll
Symbol file LoadedFromMemory doesn't match image C:\Users\user\unity\SuperBaby\Library\PackageCache\com.unity.visualscripting@1.8.0\Editor\VisualScripting.Core\Dependencies\DotNetZip\Unity.VisualScripting.IonicZip.dll
Native extension for WindowsStandalone target not found
Native extension for Android target not found
Native extension for WebGL target not found
Refreshing native plugins compatible for Editor in 1.00 ms, found 4 plugins.
Preloading 0 native plugins for Editor in 0.00 ms.
Mono: successfully reloaded assembly
- Completed reload, in  1.039 seconds
Domain Reload Profiling:
	ReloadAssembly (1040ms)
		BeginReloadAssembly (126ms)
			ExecutionOrderSort (0ms)
			DisableScriptedObjects (7ms)
			BackupInstance (0ms)
			ReleaseScriptingObjects (0ms)
			CreateAndSetChildDomain (35ms)
		EndReloadAssembly (810ms)
			LoadAssemblies (79ms)
			RebuildTransferFunctionScriptingTraits (0ms)
			SetupTypeCache (250ms)
			ReleaseScriptCaches (2ms)
			RebuildScriptCaches (56ms)
			SetupLoadedEditorAssemblies (364ms)
				LogAssemblyErrors (0ms)
				InitializePlatformSupportModulesInManaged (27ms)
				SetLoadedEditorAssemblies (1ms)
				RefreshPlugins (1ms)
				BeforeProcessingInitializeOnLoad (74ms)
				ProcessInitializeOnLoadAttributes (224ms)
				ProcessInitializeOnLoadMethodAttributes (27ms)
				AfterProcessingInitializeOnLoad (10ms)
				EditorAssembliesLoaded (0ms)
			ExecutionOrderSort2 (0ms)
			AwakeInstancesAfterBackupRestoration (6ms)
Platform modules already initialized, skipping
Refreshing native plugins compatible for Editor in 4.43 ms, found 4 plugins.
Preloading 0 native plugins for Editor in 0.00 ms.
Unloading 3370 Unused Serialized files (Serialized files now loaded: 0)
Unloading 33 unused Assets / (25.8 KB). Loaded Objects now: 3905.
Memory consumption went from 120.0 MB to 120.0 MB.
Total: 2.662700 ms (FindLiveObjects: 0.221900 ms CreateObjectMapping: 0.080700 ms MarkObjects: 2.332200 ms  DeleteObjects: 0.027000 ms)

AssetImportParameters requested are different than current active one (requested -> active):
  custom:video-decoder-ogg-theora: a1e56fd34408186e4bbccfd4996cb3dc -> 
  custom:container-muxer-webm: aa71ff27fc2769a1b78a27578f13a17b -> 
  custom:container-demuxer-webm: 4f35f7cbe854078d1ac9338744f61a02 -> 
  custom:video-encoder-webm-vp8: eb34c28f22e8b96e1ab97ce403110664 -> 
  custom:audio-encoder-webm-vorbis: bf7c407c2cedff20999df2af8eb42d56 -> 
  custom:framework-win-MediaFoundation: 216162199b28c13a410421893ffa2e32 -> 
  custom:container-demuxer-ogg: 62fdf1f143b41e24485cea50d1cbac27 -> 
  custom:video-decoder-webm-vp8: 9c59270c3fd7afecdb556c50c9e8de78 -> 
  custom:audio-decoder-ogg-vorbis: bf7c407c2cedff20999df2af8eb42d56 -> 
========================================================================
Received Prepare
Registering precompiled user dll's ...
Registered in 0.006431 seconds.
Begin MonoManager ReloadAssembly
Symbol file LoadedFromMemory doesn't match image C:\Users\user\unity\SuperBaby\Library\PackageCache\com.unity.visualscripting@1.8.0\Editor\VisualScripting.Core\Dependencies\YamlDotNet\Unity.VisualScripting.YamlDotNet.dll
Symbol file LoadedFromMemory doesn't match image C:\Users\user\unity\SuperBaby\Library\PackageCache\com.unity.visualscripting@1.8.0\Editor\VisualScripting.Core\Dependencies\DotNetZip\Unity.VisualScripting.IonicZip.dll
Native extension for WindowsStandalone target not found
Native extension for Android target not found
Native extension for WebGL target not found
Refreshing native plugins compatible for Editor in 0.90 ms, found 4 plugins.
Preloading 0 native plugins for Editor in 0.00 ms.
Mono: successfully reloaded assembly
- Completed reload, in  1.034 seconds
Domain Reload Profiling:
	ReloadAssembly (1034ms)
		BeginReloadAssembly (111ms)
			ExecutionOrderSort (0ms)
			DisableScriptedObjects (4ms)
			BackupInstance (0ms)
			ReleaseScriptingObjects (0ms)
			CreateAndSetChildDomain (35ms)
		EndReloadAssembly (807ms)
			LoadAssemblies (71ms)
			RebuildTransferFunctionScriptingTraits (0ms)
			SetupTypeCache (279ms)
			ReleaseScriptCaches (2ms)
			RebuildScriptCaches (42ms)
			SetupLoadedEditorAssemblies (334ms)
				LogAssemblyErrors (0ms)
				InitializePlatformSupportModulesInManaged (32ms)
				SetLoadedEditorAssemblies (0ms)
				RefreshPlugins (1ms)
				BeforeProcessingInitializeOnLoad (69ms)
				ProcessInitializeOnLoadAttributes (205ms)
				ProcessInitializeOnLoadMethodAttributes (18ms)
				AfterProcessingInitializeOnLoad (9ms)
				EditorAssembliesLoaded (0ms)
			ExecutionOrderSort2 (0ms)
			AwakeInstancesAfterBackupRestoration (10ms)
Platform modules already initialized, skipping
Refreshing native plugins compatible for Editor in 2.69 ms, found 4 plugins.
Preloading 0 native plugins for Editor in 0.00 ms.
Unloading 3370 Unused Serialized files (Serialized files now loaded: 0)
Unloading 33 unused Assets / (24.8 KB). Loaded Objects now: 3908.
Memory consumption went from 120.0 MB to 120.0 MB.
Total: 2.447800 ms (FindLiveObjects: 0.194400 ms CreateObjectMapping: 0.074700 ms MarkObjects: 2.156700 ms  DeleteObjects: 0.021100 ms)

AssetImportParameters requested are different than current active one (requested -> active):
  custom:video-decoder-ogg-theora: a1e56fd34408186e4bbccfd4996cb3dc -> 
  custom:container-muxer-webm: aa71ff27fc2769a1b78a27578f13a17b -> 
  custom:container-demuxer-webm: 4f35f7cbe854078d1ac9338744f61a02 -> 
  custom:video-encoder-webm-vp8: eb34c28f22e8b96e1ab97ce403110664 -> 
  custom:audio-encoder-webm-vorbis: bf7c407c2cedff20999df2af8eb42d56 -> 
  custom:framework-win-MediaFoundation: 216162199b28c13a410421893ffa2e32 -> 
  custom:container-demuxer-ogg: 62fdf1f143b41e24485cea50d1cbac27 -> 
  custom:video-decoder-webm-vp8: 9c59270c3fd7afecdb556c50c9e8de78 -> 
  custom:audio-decoder-ogg-vorbis: bf7c407c2cedff20999df2af8eb42d56 -> 
========================================================================
Received Prepare
Registering precompiled user dll's ...
Registered in 0.007234 seconds.
Begin MonoManager ReloadAssembly
Symbol file LoadedFromMemory doesn't match image C:\Users\user\unity\SuperBaby\Library\PackageCache\com.unity.visualscripting@1.8.0\Editor\VisualScripting.Core\Dependencies\YamlDotNet\Unity.VisualScripting.YamlDotNet.dll
Symbol file LoadedFromMemory doesn't match image C:\Users\user\unity\SuperBaby\Library\PackageCache\com.unity.visualscripting@1.8.0\Editor\VisualScripting.Core\Dependencies\DotNetZip\Unity.VisualScripting.IonicZip.dll
Native extension for WindowsStandalone target not found
Native extension for Android target not found
Native extension for WebGL target not found
Refreshing native plugins compatible for Editor in 0.88 ms, found 4 plugins.
Preloading 0 native plugins for Editor in 0.00 ms.
Mono: successfully reloaded assembly
- Completed reload, in  1.037 seconds
Domain Reload Profiling:
	ReloadAssembly (1038ms)
		BeginReloadAssembly (126ms)
			ExecutionOrderSort (0ms)
			DisableScriptedObjects (7ms)
			BackupInstance (0ms)
			ReleaseScriptingObjects (0ms)
			CreateAndSetChildDomain (32ms)
		EndReloadAssembly (804ms)
			LoadAssemblies (79ms)
			RebuildTransferFunctionScriptingTraits (0ms)
			SetupTypeCache (240ms)
			ReleaseScriptCaches (1ms)
			RebuildScriptCaches (45ms)
			SetupLoadedEditorAssemblies (388ms)
				LogAssemblyErrors (0ms)
				InitializePlatformSupportModulesInManaged (37ms)
				SetLoadedEditorAssemblies (0ms)
				RefreshPlugins (1ms)
				BeforeProcessingInitializeOnLoad (85ms)
				ProcessInitializeOnLoadAttributes (228ms)
				ProcessInitializeOnLoadMethodAttributes (27ms)
				AfterProcessingInitializeOnLoad (10ms)
				EditorAssembliesLoaded (0ms)
			ExecutionOrderSort2 (0ms)
			AwakeInstancesAfterBackupRestoration (6ms)
Platform modules already initialized, skipping
Refreshing native plugins compatible for Editor in 3.34 ms, found 4 plugins.
Preloading 0 native plugins for Editor in 0.00 ms.
Unloading 3370 Unused Serialized files (Serialized files now loaded: 0)
Unloading 33 unused Assets / (24.7 KB). Loaded Objects now: 3911.
Memory consumption went from 120.0 MB to 120.0 MB.
Total: 2.441900 ms (FindLiveObjects: 0.214400 ms CreateObjectMapping: 0.076500 ms MarkObjects: 2.127700 ms  DeleteObjects: 0.022200 ms)

AssetImportParameters requested are different than current active one (requested -> active):
  custom:video-decoder-ogg-theora: a1e56fd34408186e4bbccfd4996cb3dc -> 
  custom:container-muxer-webm: aa71ff27fc2769a1b78a27578f13a17b -> 
  custom:container-demuxer-webm: 4f35f7cbe854078d1ac9338744f61a02 -> 
  custom:video-encoder-webm-vp8: eb34c28f22e8b96e1ab97ce403110664 -> 
  custom:audio-encoder-webm-vorbis: bf7c407c2cedff20999df2af8eb42d56 -> 
  custom:framework-win-MediaFoundation: 216162199b28c13a410421893ffa2e32 -> 
  custom:container-demuxer-ogg: 62fdf1f143b41e24485cea50d1cbac27 -> 
  custom:video-decoder-webm-vp8: 9c59270c3fd7afecdb556c50c9e8de78 -> 
  custom:audio-decoder-ogg-vorbis: bf7c407c2cedff20999df2af8eb42d56 -> 
========================================================================
Received Prepare
Registering precompiled user dll's ...
Registered in 0.005527 seconds.
Begin MonoManager ReloadAssembly
Symbol file LoadedFromMemory doesn't match image C:\Users\user\unity\SuperBaby\Library\PackageCache\com.unity.visualscripting@1.8.0\Editor\VisualScripting.Core\Dependencies\YamlDotNet\Unity.VisualScripting.YamlDotNet.dll
Symbol file LoadedFromMemory doesn't match image C:\Users\user\unity\SuperBaby\Library\PackageCache\com.unity.visualscripting@1.8.0\Editor\VisualScripting.Core\Dependencies\DotNetZip\Unity.VisualScripting.IonicZip.dll
Native extension for WindowsStandalone target not found
Native extension for Android target not found
Native extension for WebGL target not found
Refreshing native plugins compatible for Editor in 0.61 ms, found 4 plugins.
Preloading 0 native plugins for Editor in 0.00 ms.
Mono: successfully reloaded assembly
- Completed reload, in  0.957 seconds
Domain Reload Profiling:
	ReloadAssembly (958ms)
		BeginReloadAssembly (126ms)
			ExecutionOrderSort (0ms)
			DisableScriptedObjects (6ms)
			BackupInstance (0ms)
			ReleaseScriptingObjects (0ms)
			CreateAndSetChildDomain (38ms)
		EndReloadAssembly (717ms)
			LoadAssemblies (76ms)
			RebuildTransferFunctionScriptingTraits (0ms)
			SetupTypeCache (201ms)
			ReleaseScriptCaches (2ms)
			RebuildScriptCaches (50ms)
			SetupLoadedEditorAssemblies (341ms)
				LogAssemblyErrors (0ms)
				InitializePlatformSupportModulesInManaged (29ms)
				SetLoadedEditorAssemblies (0ms)
				RefreshPlugins (1ms)
				BeforeProcessingInitializeOnLoad (64ms)
				ProcessInitializeOnLoadAttributes (210ms)
				ProcessInitializeOnLoadMethodAttributes (30ms)
				AfterProcessingInitializeOnLoad (7ms)
				EditorAssembliesLoaded (0ms)
			ExecutionOrderSort2 (0ms)
			AwakeInstancesAfterBackupRestoration (6ms)
Platform modules already initialized, skipping
Refreshing native plugins compatible for Editor in 3.01 ms, found 4 plugins.
Preloading 0 native plugins for Editor in 0.00 ms.
Unloading 3370 Unused Serialized files (Serialized files now loaded: 0)
Unloading 33 unused Assets / (24.6 KB). Loaded Objects now: 3914.
Memory consumption went from 120.0 MB to 120.0 MB.
Total: 2.410800 ms (FindLiveObjects: 0.201900 ms CreateObjectMapping: 0.077400 ms MarkObjects: 2.095600 ms  DeleteObjects: 0.035000 ms)

AssetImportParameters requested are different than current active one (requested -> active):
  custom:video-decoder-ogg-theora: a1e56fd34408186e4bbccfd4996cb3dc -> 
  custom:container-muxer-webm: aa71ff27fc2769a1b78a27578f13a17b -> 
  custom:container-demuxer-webm: 4f35f7cbe854078d1ac9338744f61a02 -> 
  custom:video-encoder-webm-vp8: eb34c28f22e8b96e1ab97ce403110664 -> 
  custom:audio-encoder-webm-vorbis: bf7c407c2cedff20999df2af8eb42d56 -> 
  custom:framework-win-MediaFoundation: 216162199b28c13a410421893ffa2e32 -> 
  custom:container-demuxer-ogg: 62fdf1f143b41e24485cea50d1cbac27 -> 
  custom:video-decoder-webm-vp8: 9c59270c3fd7afecdb556c50c9e8de78 -> 
  custom:audio-decoder-ogg-vorbis: bf7c407c2cedff20999df2af8eb42d56 -> 
========================================================================
Received Prepare
Registering precompiled user dll's ...
Registered in 0.004637 seconds.
Begin MonoManager ReloadAssembly
Symbol file LoadedFromMemory doesn't match image C:\Users\user\unity\SuperBaby\Library\PackageCache\com.unity.visualscripting@1.8.0\Editor\VisualScripting.Core\Dependencies\YamlDotNet\Unity.VisualScripting.YamlDotNet.dll
Symbol file LoadedFromMemory doesn't match image C:\Users\user\unity\SuperBaby\Library\PackageCache\com.unity.visualscripting@1.8.0\Editor\VisualScripting.Core\Dependencies\DotNetZip\Unity.VisualScripting.IonicZip.dll
Native extension for WindowsStandalone target not found
Native extension for Android target not found
Native extension for WebGL target not found
Refreshing native plugins compatible for Editor in 1.13 ms, found 4 plugins.
Preloading 0 native plugins for Editor in 0.00 ms.
Mono: successfully reloaded assembly
- Completed reload, in  0.975 seconds
Domain Reload Profiling:
	ReloadAssembly (976ms)
		BeginReloadAssembly (126ms)
			ExecutionOrderSort (0ms)
			DisableScriptedObjects (8ms)
			BackupInstance (0ms)
			ReleaseScriptingObjects (0ms)
			CreateAndSetChildDomain (31ms)
		EndReloadAssembly (735ms)
			LoadAssemblies (79ms)
			RebuildTransferFunctionScriptingTraits (0ms)
			SetupTypeCache (251ms)
			ReleaseScriptCaches (1ms)
			RebuildScriptCaches (50ms)
			SetupLoadedEditorAssemblies (329ms)
				LogAssemblyErrors (0ms)
				InitializePlatformSupportModulesInManaged (27ms)
				SetLoadedEditorAssemblies (1ms)
				RefreshPlugins (1ms)
				BeforeProcessingInitializeOnLoad (69ms)
				ProcessInitializeOnLoadAttributes (195ms)
				ProcessInitializeOnLoadMethodAttributes (26ms)
				AfterProcessingInitializeOnLoad (9ms)
				EditorAssembliesLoaded (0ms)
			ExecutionOrderSort2 (0ms)
			AwakeInstancesAfterBackupRestoration (5ms)
Platform modules already initialized, skipping
Refreshing native plugins compatible for Editor in 3.82 ms, found 4 plugins.
Preloading 0 native plugins for Editor in 0.00 ms.
Unloading 3370 Unused Serialized files (Serialized files now loaded: 0)
Unloading 33 unused Assets / (25.6 KB). Loaded Objects now: 3917.
Memory consumption went from 120.1 MB to 120.0 MB.
Total: 2.458900 ms (FindLiveObjects: 0.214500 ms CreateObjectMapping: 0.079000 ms MarkObjects: 2.140700 ms  DeleteObjects: 0.023600 ms)

AssetImportParameters requested are different than current active one (requested -> active):
  custom:video-decoder-ogg-theora: a1e56fd34408186e4bbccfd4996cb3dc -> 
  custom:container-muxer-webm: aa71ff27fc2769a1b78a27578f13a17b -> 
  custom:container-demuxer-webm: 4f35f7cbe854078d1ac9338744f61a02 -> 
  custom:video-encoder-webm-vp8: eb34c28f22e8b96e1ab97ce403110664 -> 
  custom:audio-encoder-webm-vorbis: bf7c407c2cedff20999df2af8eb42d56 -> 
  custom:framework-win-MediaFoundation: 216162199b28c13a410421893ffa2e32 -> 
  custom:container-demuxer-ogg: 62fdf1f143b41e24485cea50d1cbac27 -> 
  custom:video-decoder-webm-vp8: 9c59270c3fd7afecdb556c50c9e8de78 -> 
  custom:audio-decoder-ogg-vorbis: bf7c407c2cedff20999df2af8eb42d56 -> 
========================================================================
Received Prepare
Registering precompiled user dll's ...
Registered in 0.005910 seconds.
Begin MonoManager ReloadAssembly
Symbol file LoadedFromMemory doesn't match image C:\Users\user\unity\SuperBaby\Library\PackageCache\com.unity.visualscripting@1.8.0\Editor\VisualScripting.Core\Dependencies\YamlDotNet\Unity.VisualScripting.YamlDotNet.dll
Symbol file LoadedFromMemory doesn't match image C:\Users\user\unity\SuperBaby\Library\PackageCache\com.unity.visualscripting@1.8.0\Editor\VisualScripting.Core\Dependencies\DotNetZip\Unity.VisualScripting.IonicZip.dll
Native extension for WindowsStandalone target not found
Native extension for Android target not found
Native extension for WebGL target not found
Refreshing native plugins compatible for Editor in 0.89 ms, found 4 plugins.
Preloading 0 native plugins for Editor in 0.00 ms.
Mono: successfully reloaded assembly
- Completed reload, in  0.961 seconds
Domain Reload Profiling:
	ReloadAssembly (961ms)
		BeginReloadAssembly (132ms)
			ExecutionOrderSort (0ms)
			DisableScriptedObjects (6ms)
			BackupInstance (0ms)
			ReleaseScriptingObjects (0ms)
			CreateAndSetChildDomain (35ms)
		EndReloadAssembly (729ms)
			LoadAssemblies (86ms)
			RebuildTransferFunctionScriptingTraits (0ms)
			SetupTypeCache (209ms)
			ReleaseScriptCaches (1ms)
			RebuildScriptCaches (39ms)
			SetupLoadedEditorAssemblies (361ms)
				LogAssemblyErrors (0ms)
				InitializePlatformSupportModulesInManaged (32ms)
				SetLoadedEditorAssemblies (0ms)
				RefreshPlugins (1ms)
				BeforeProcessingInitializeOnLoad (87ms)
				ProcessInitializeOnLoadAttributes (203ms)
				ProcessInitializeOnLoadMethodAttributes (27ms)
				AfterProcessingInitializeOnLoad (10ms)
				EditorAssembliesLoaded (0ms)
			ExecutionOrderSort2 (0ms)
			AwakeInstancesAfterBackupRestoration (4ms)
Platform modules already initialized, skipping
Refreshing native plugins compatible for Editor in 3.55 ms, found 4 plugins.
Preloading 0 native plugins for Editor in 0.00 ms.
Unloading 3370 Unused Serialized files (Serialized files now loaded: 0)
Unloading 33 unused Assets / (24.6 KB). Loaded Objects now: 3920.
Memory consumption went from 120.0 MB to 119.9 MB.
Total: 2.388800 ms (FindLiveObjects: 0.215100 ms CreateObjectMapping: 0.076000 ms MarkObjects: 2.061200 ms  DeleteObjects: 0.035600 ms)

AssetImportParameters requested are different than current active one (requested -> active):
  custom:video-decoder-ogg-theora: a1e56fd34408186e4bbccfd4996cb3dc -> 
  custom:container-muxer-webm: aa71ff27fc2769a1b78a27578f13a17b -> 
  custom:container-demuxer-webm: 4f35f7cbe854078d1ac9338744f61a02 -> 
  custom:video-encoder-webm-vp8: eb34c28f22e8b96e1ab97ce403110664 -> 
  custom:audio-encoder-webm-vorbis: bf7c407c2cedff20999df2af8eb42d56 -> 
  custom:framework-win-MediaFoundation: 216162199b28c13a410421893ffa2e32 -> 
  custom:container-demuxer-ogg: 62fdf1f143b41e24485cea50d1cbac27 -> 
  custom:video-decoder-webm-vp8: 9c59270c3fd7afecdb556c50c9e8de78 -> 
  custom:audio-decoder-ogg-vorbis: bf7c407c2cedff20999df2af8eb42d56 -> 
========================================================================
Received Prepare
Registering precompiled user dll's ...
Registered in 0.006985 seconds.
Begin MonoManager ReloadAssembly
Symbol file LoadedFromMemory doesn't match image C:\Users\user\unity\SuperBaby\Library\PackageCache\com.unity.visualscripting@1.8.0\Editor\VisualScripting.Core\Dependencies\YamlDotNet\Unity.VisualScripting.YamlDotNet.dll
Symbol file LoadedFromMemory doesn't match image C:\Users\user\unity\SuperBaby\Library\PackageCache\com.unity.visualscripting@1.8.0\Editor\VisualScripting.Core\Dependencies\DotNetZip\Unity.VisualScripting.IonicZip.dll
Native extension for WindowsStandalone target not found
Native extension for Android target not found
Native extension for WebGL target not found
Refreshing native plugins compatible for Editor in 0.59 ms, found 4 plugins.
Preloading 0 native plugins for Editor in 0.00 ms.
Mono: successfully reloaded assembly
- Completed reload, in  0.930 seconds
Domain Reload Profiling:
	ReloadAssembly (931ms)
		BeginReloadAssembly (124ms)
			ExecutionOrderSort (0ms)
			DisableScriptedObjects (6ms)
			BackupInstance (0ms)
			ReleaseScriptingObjects (0ms)
			CreateAndSetChildDomain (31ms)
		EndReloadAssembly (704ms)
			LoadAssemblies (81ms)
			RebuildTransferFunctionScriptingTraits (0ms)
			SetupTypeCache (223ms)
			ReleaseScriptCaches (2ms)
			RebuildScriptCaches (43ms)
			SetupLoadedEditorAssemblies (313ms)
				LogAssemblyErrors (0ms)
				InitializePlatformSupportModulesInManaged (31ms)
				SetLoadedEditorAssemblies (0ms)
				RefreshPlugins (1ms)
				BeforeProcessingInitializeOnLoad (52ms)
				ProcessInitializeOnLoadAttributes (191ms)
				ProcessInitializeOnLoadMethodAttributes (27ms)
				AfterProcessingInitializeOnLoad (10ms)
				EditorAssembliesLoaded (0ms)
			ExecutionOrderSort2 (0ms)
			AwakeInstancesAfterBackupRestoration (5ms)
Platform modules already initialized, skipping
Refreshing native plugins compatible for Editor in 3.55 ms, found 4 plugins.
Preloading 0 native plugins for Editor in 0.00 ms.
Unloading 3370 Unused Serialized files (Serialized files now loaded: 0)
Unloading 33 unused Assets / (24.5 KB). Loaded Objects now: 3923.
Memory consumption went from 120.0 MB to 119.9 MB.
Total: 3.289500 ms (FindLiveObjects: 0.210700 ms CreateObjectMapping: 0.073500 ms MarkObjects: 2.967700 ms  DeleteObjects: 0.036200 ms)

AssetImportParameters requested are different than current active one (requested -> active):
  custom:video-decoder-ogg-theora: a1e56fd34408186e4bbccfd4996cb3dc -> 
  custom:container-muxer-webm: aa71ff27fc2769a1b78a27578f13a17b -> 
  custom:container-demuxer-webm: 4f35f7cbe854078d1ac9338744f61a02 -> 
  custom:video-encoder-webm-vp8: eb34c28f22e8b96e1ab97ce403110664 -> 
  custom:audio-encoder-webm-vorbis: bf7c407c2cedff20999df2af8eb42d56 -> 
  custom:framework-win-MediaFoundation: 216162199b28c13a410421893ffa2e32 -> 
  custom:container-demuxer-ogg: 62fdf1f143b41e24485cea50d1cbac27 -> 
  custom:video-decoder-webm-vp8: 9c59270c3fd7afecdb556c50c9e8de78 -> 
  custom:audio-decoder-ogg-vorbis: bf7c407c2cedff20999df2af8eb42d56 -> 
========================================================================
Received Prepare
Registering precompiled user dll's ...
Registered in 0.007274 seconds.
Begin MonoManager ReloadAssembly
Symbol file LoadedFromMemory doesn't match image C:\Users\user\unity\SuperBaby\Library\PackageCache\com.unity.visualscripting@1.8.0\Editor\VisualScripting.Core\Dependencies\YamlDotNet\Unity.VisualScripting.YamlDotNet.dll
Symbol file LoadedFromMemory doesn't match image C:\Users\user\unity\SuperBaby\Library\PackageCache\com.unity.visualscripting@1.8.0\Editor\VisualScripting.Core\Dependencies\DotNetZip\Unity.VisualScripting.IonicZip.dll
Native extension for WindowsStandalone target not found
Native extension for Android target not found
Native extension for WebGL target not found
Refreshing native plugins compatible for Editor in 0.68 ms, found 4 plugins.
Preloading 0 native plugins for Editor in 0.00 ms.
Mono: successfully reloaded assembly
- Completed reload, in  0.873 seconds
Domain Reload Profiling:
	ReloadAssembly (874ms)
		BeginReloadAssembly (119ms)
			ExecutionOrderSort (0ms)
			DisableScriptedObjects (8ms)
			BackupInstance (0ms)
			ReleaseScriptingObjects (0ms)
			CreateAndSetChildDomain (32ms)
		EndReloadAssembly (656ms)
			LoadAssemblies (74ms)
			RebuildTransferFunctionScriptingTraits (0ms)
			SetupTypeCache (212ms)
			ReleaseScriptCaches (1ms)
			RebuildScriptCaches (33ms)
			SetupLoadedEditorAssemblies (294ms)
				LogAssemblyErrors (0ms)
				InitializePlatformSupportModulesInManaged (22ms)
				SetLoadedEditorAssemblies (0ms)
				RefreshPlugins (1ms)
				BeforeProcessingInitializeOnLoad (54ms)
				ProcessInitializeOnLoadAttributes (188ms)
				ProcessInitializeOnLoadMethodAttributes (19ms)
				AfterProcessingInitializeOnLoad (10ms)
				EditorAssembliesLoaded (0ms)
			ExecutionOrderSort2 (0ms)
			AwakeInstancesAfterBackupRestoration (6ms)
Platform modules already initialized, skipping
Refreshing native plugins compatible for Editor in 3.04 ms, found 4 plugins.
Preloading 0 native plugins for Editor in 0.00 ms.
Unloading 3370 Unused Serialized files (Serialized files now loaded: 0)
Unloading 33 unused Assets / (25.6 KB). Loaded Objects now: 3926.
Memory consumption went from 120.1 MB to 120.1 MB.
Total: 2.632700 ms (FindLiveObjects: 0.229700 ms CreateObjectMapping: 0.093500 ms MarkObjects: 2.283600 ms  DeleteObjects: 0.025100 ms)

AssetImportParameters requested are different than current active one (requested -> active):
  custom:video-decoder-ogg-theora: a1e56fd34408186e4bbccfd4996cb3dc -> 
  custom:container-muxer-webm: aa71ff27fc2769a1b78a27578f13a17b -> 
  custom:container-demuxer-webm: 4f35f7cbe854078d1ac9338744f61a02 -> 
  custom:video-encoder-webm-vp8: eb34c28f22e8b96e1ab97ce403110664 -> 
  custom:audio-encoder-webm-vorbis: bf7c407c2cedff20999df2af8eb42d56 -> 
  custom:framework-win-MediaFoundation: 216162199b28c13a410421893ffa2e32 -> 
  custom:container-demuxer-ogg: 62fdf1f143b41e24485cea50d1cbac27 -> 
  custom:video-decoder-webm-vp8: 9c59270c3fd7afecdb556c50c9e8de78 -> 
  custom:audio-decoder-ogg-vorbis: bf7c407c2cedff20999df2af8eb42d56 -> 
========================================================================
Received Prepare
Registering precompiled user dll's ...
Registered in 0.006214 seconds.
Begin MonoManager ReloadAssembly
Symbol file LoadedFromMemory doesn't match image C:\Users\user\unity\SuperBaby\Library\PackageCache\com.unity.visualscripting@1.8.0\Editor\VisualScripting.Core\Dependencies\YamlDotNet\Unity.VisualScripting.YamlDotNet.dll
Symbol file LoadedFromMemory doesn't match image C:\Users\user\unity\SuperBaby\Library\PackageCache\com.unity.visualscripting@1.8.0\Editor\VisualScripting.Core\Dependencies\DotNetZip\Unity.VisualScripting.IonicZip.dll
Native extension for WindowsStandalone target not found
Native extension for Android target not found
Native extension for WebGL target not found
Refreshing native plugins compatible for Editor in 0.88 ms, found 4 plugins.
Preloading 0 native plugins for Editor in 0.00 ms.
Mono: successfully reloaded assembly
- Completed reload, in  0.943 seconds
Domain Reload Profiling:
	ReloadAssembly (944ms)
		BeginReloadAssembly (133ms)
			ExecutionOrderSort (0ms)
			DisableScriptedObjects (9ms)
			BackupInstance (0ms)
			ReleaseScriptingObjects (0ms)
			CreateAndSetChildDomain (35ms)
		EndReloadAssembly (707ms)
			LoadAssemblies (79ms)
			RebuildTransferFunctionScriptingTraits (0ms)
			SetupTypeCache (196ms)
			ReleaseScriptCaches (2ms)
			RebuildScriptCaches (50ms)
			SetupLoadedEditorAssemblies (334ms)
				LogAssemblyErrors (0ms)
				InitializePlatformSupportModulesInManaged (30ms)
				SetLoadedEditorAssemblies (0ms)
				RefreshPlugins (1ms)
				BeforeProcessingInitializeOnLoad (66ms)
				ProcessInitializeOnLoadAttributes (199ms)
				ProcessInitializeOnLoadMethodAttributes (26ms)
				AfterProcessingInitializeOnLoad (10ms)
				EditorAssembliesLoaded (0ms)
			ExecutionOrderSort2 (0ms)
			AwakeInstancesAfterBackupRestoration (6ms)
Platform modules already initialized, skipping
Refreshing native plugins compatible for Editor in 2.91 ms, found 4 plugins.
Preloading 0 native plugins for Editor in 0.00 ms.
Unloading 3370 Unused Serialized files (Serialized files now loaded: 0)
Unloading 33 unused Assets / (25.6 KB). Loaded Objects now: 3929.
Memory consumption went from 120.1 MB to 120.1 MB.
Total: 2.296700 ms (FindLiveObjects: 0.208500 ms CreateObjectMapping: 0.074700 ms MarkObjects: 1.990700 ms  DeleteObjects: 0.022000 ms)

AssetImportParameters requested are different than current active one (requested -> active):
  custom:video-decoder-ogg-theora: a1e56fd34408186e4bbccfd4996cb3dc -> 
  custom:container-muxer-webm: aa71ff27fc2769a1b78a27578f13a17b -> 
  custom:container-demuxer-webm: 4f35f7cbe854078d1ac9338744f61a02 -> 
  custom:video-encoder-webm-vp8: eb34c28f22e8b96e1ab97ce403110664 -> 
  custom:audio-encoder-webm-vorbis: bf7c407c2cedff20999df2af8eb42d56 -> 
  custom:framework-win-MediaFoundation: 216162199b28c13a410421893ffa2e32 -> 
  custom:container-demuxer-ogg: 62fdf1f143b41e24485cea50d1cbac27 -> 
  custom:video-decoder-webm-vp8: 9c59270c3fd7afecdb556c50c9e8de78 -> 
  custom:audio-decoder-ogg-vorbis: bf7c407c2cedff20999df2af8eb42d56 -> 
========================================================================
Received Prepare
Registering precompiled user dll's ...
Registered in 0.007016 seconds.
Begin MonoManager ReloadAssembly
Symbol file LoadedFromMemory doesn't match image C:\Users\user\unity\SuperBaby\Library\PackageCache\com.unity.visualscripting@1.8.0\Editor\VisualScripting.Core\Dependencies\YamlDotNet\Unity.VisualScripting.YamlDotNet.dll
Symbol file LoadedFromMemory doesn't match image C:\Users\user\unity\SuperBaby\Library\PackageCache\com.unity.visualscripting@1.8.0\Editor\VisualScripting.Core\Dependencies\DotNetZip\Unity.VisualScripting.IonicZip.dll
Native extension for WindowsStandalone target not found
Native extension for Android target not found
Native extension for WebGL target not found
Refreshing native plugins compatible for Editor in 0.88 ms, found 4 plugins.
Preloading 0 native plugins for Editor in 0.00 ms.
Mono: successfully reloaded assembly
- Completed reload, in  0.962 seconds
Domain Reload Profiling:
	ReloadAssembly (963ms)
		BeginReloadAssembly (122ms)
			ExecutionOrderSort (0ms)
			DisableScriptedObjects (5ms)
			BackupInstance (0ms)
			ReleaseScriptingObjects (0ms)
			CreateAndSetChildDomain (36ms)
		EndReloadAssembly (756ms)
			LoadAssemblies (76ms)
			RebuildTransferFunctionScriptingTraits (0ms)
			SetupTypeCache (246ms)
			ReleaseScriptCaches (1ms)
			RebuildScriptCaches (42ms)
			SetupLoadedEditorAssemblies (342ms)
				LogAssemblyErrors (0ms)
				InitializePlatformSupportModulesInManaged (33ms)
				SetLoadedEditorAssemblies (0ms)
				RefreshPlugins (1ms)
				BeforeProcessingInitializeOnLoad (67ms)
				ProcessInitializeOnLoadAttributes (204ms)
				ProcessInitializeOnLoadMethodAttributes (27ms)
				AfterProcessingInitializeOnLoad (10ms)
				EditorAssembliesLoaded (0ms)
			ExecutionOrderSort2 (0ms)
			AwakeInstancesAfterBackupRestoration (7ms)
Platform modules already initialized, skipping
Refreshing native plugins compatible for Editor in 2.67 ms, found 4 plugins.
Preloading 0 native plugins for Editor in 0.00 ms.
Unloading 3370 Unused Serialized files (Serialized files now loaded: 0)
Unloading 33 unused Assets / (24.6 KB). Loaded Objects now: 3932.
Memory consumption went from 120.0 MB to 120.0 MB.
Total: 2.667400 ms (FindLiveObjects: 0.305000 ms CreateObjectMapping: 0.091800 ms MarkObjects: 2.227300 ms  DeleteObjects: 0.023100 ms)

AssetImportParameters requested are different than current active one (requested -> active):
  custom:video-decoder-ogg-theora: a1e56fd34408186e4bbccfd4996cb3dc -> 
  custom:container-muxer-webm: aa71ff27fc2769a1b78a27578f13a17b -> 
  custom:container-demuxer-webm: 4f35f7cbe854078d1ac9338744f61a02 -> 
  custom:video-encoder-webm-vp8: eb34c28f22e8b96e1ab97ce403110664 -> 
  custom:audio-encoder-webm-vorbis: bf7c407c2cedff20999df2af8eb42d56 -> 
  custom:framework-win-MediaFoundation: 216162199b28c13a410421893ffa2e32 -> 
  custom:container-demuxer-ogg: 62fdf1f143b41e24485cea50d1cbac27 -> 
  custom:video-decoder-webm-vp8: 9c59270c3fd7afecdb556c50c9e8de78 -> 
  custom:audio-decoder-ogg-vorbis: bf7c407c2cedff20999df2af8eb42d56 -> 
========================================================================
Received Prepare
Registering precompiled user dll's ...
Registered in 0.006282 seconds.
Begin MonoManager ReloadAssembly
Symbol file LoadedFromMemory doesn't match image C:\Users\user\unity\SuperBaby\Library\PackageCache\com.unity.visualscripting@1.8.0\Editor\VisualScripting.Core\Dependencies\YamlDotNet\Unity.VisualScripting.YamlDotNet.dll
Symbol file LoadedFromMemory doesn't match image C:\Users\user\unity\SuperBaby\Library\PackageCache\com.unity.visualscripting@1.8.0\Editor\VisualScripting.Core\Dependencies\DotNetZip\Unity.VisualScripting.IonicZip.dll
Native extension for WindowsStandalone target not found
Native extension for Android target not found
Native extension for WebGL target not found
Refreshing native plugins compatible for Editor in 0.92 ms, found 4 plugins.
Preloading 0 native plugins for Editor in 0.00 ms.
Mono: successfully reloaded assembly
- Completed reload, in  0.961 seconds
Domain Reload Profiling:
	ReloadAssembly (961ms)
		BeginReloadAssembly (116ms)
			ExecutionOrderSort (0ms)
			DisableScriptedObjects (6ms)
			BackupInstance (0ms)
			ReleaseScriptingObjects (0ms)
			CreateAndSetChildDomain (35ms)
		EndReloadAssembly (732ms)
			LoadAssemblies (69ms)
			RebuildTransferFunctionScriptingTraits (0ms)
			SetupTypeCache (233ms)
			ReleaseScriptCaches (2ms)
			RebuildScriptCaches (38ms)
			SetupLoadedEditorAssemblies (328ms)
				LogAssemblyErrors (0ms)
				InitializePlatformSupportModulesInManaged (34ms)
				SetLoadedEditorAssemblies (0ms)
				RefreshPlugins (1ms)
				BeforeProcessingInitializeOnLoad (68ms)
				ProcessInitializeOnLoadAttributes (198ms)
				ProcessInitializeOnLoadMethodAttributes (20ms)
				AfterProcessingInitializeOnLoad (7ms)
				EditorAssembliesLoaded (0ms)
			ExecutionOrderSort2 (0ms)
			AwakeInstancesAfterBackupRestoration (4ms)
Platform modules already initialized, skipping
Refreshing native plugins compatible for Editor in 3.45 ms, found 4 plugins.
Preloading 0 native plugins for Editor in 0.00 ms.
Unloading 3370 Unused Serialized files (Serialized files now loaded: 0)
Unloading 33 unused Assets / (24.6 KB). Loaded Objects now: 3935.
Memory consumption went from 120.0 MB to 120.0 MB.
Total: 2.470000 ms (FindLiveObjects: 0.206900 ms CreateObjectMapping: 0.109900 ms MarkObjects: 2.116200 ms  DeleteObjects: 0.035800 ms)

AssetImportParameters requested are different than current active one (requested -> active):
  custom:video-decoder-ogg-theora: a1e56fd34408186e4bbccfd4996cb3dc -> 
  custom:container-muxer-webm: aa71ff27fc2769a1b78a27578f13a17b -> 
  custom:container-demuxer-webm: 4f35f7cbe854078d1ac9338744f61a02 -> 
  custom:video-encoder-webm-vp8: eb34c28f22e8b96e1ab97ce403110664 -> 
  custom:audio-encoder-webm-vorbis: bf7c407c2cedff20999df2af8eb42d56 -> 
  custom:framework-win-MediaFoundation: 216162199b28c13a410421893ffa2e32 -> 
  custom:container-demuxer-ogg: 62fdf1f143b41e24485cea50d1cbac27 -> 
  custom:video-decoder-webm-vp8: 9c59270c3fd7afecdb556c50c9e8de78 -> 
  custom:audio-decoder-ogg-vorbis: bf7c407c2cedff20999df2af8eb42d56 -> 
========================================================================
Received Prepare
Registering precompiled user dll's ...
Registered in 0.006194 seconds.
Begin MonoManager ReloadAssembly
Symbol file LoadedFromMemory doesn't match image C:\Users\user\unity\SuperBaby\Library\PackageCache\com.unity.visualscripting@1.8.0\Editor\VisualScripting.Core\Dependencies\YamlDotNet\Unity.VisualScripting.YamlDotNet.dll
Symbol file LoadedFromMemory doesn't match image C:\Users\user\unity\SuperBaby\Library\PackageCache\com.unity.visualscripting@1.8.0\Editor\VisualScripting.Core\Dependencies\DotNetZip\Unity.VisualScripting.IonicZip.dll
Native extension for WindowsStandalone target not found
Native extension for Android target not found
Native extension for WebGL target not found
Refreshing native plugins compatible for Editor in 0.76 ms, found 4 plugins.
Preloading 0 native plugins for Editor in 0.00 ms.
Mono: successfully reloaded assembly
- Completed reload, in  1.034 seconds
Domain Reload Profiling:
	ReloadAssembly (1034ms)
		BeginReloadAssembly (136ms)
			ExecutionOrderSort (0ms)
			DisableScriptedObjects (7ms)
			BackupInstance (0ms)
			ReleaseScriptingObjects (0ms)
			CreateAndSetChildDomain (38ms)
		EndReloadAssembly (784ms)
			LoadAssemblies (82ms)
			RebuildTransferFunctionScriptingTraits (0ms)
			SetupTypeCache (279ms)
			ReleaseScriptCaches (2ms)
			RebuildScriptCaches (59ms)
			SetupLoadedEditorAssemblies (308ms)
				LogAssemblyErrors (0ms)
				InitializePlatformSupportModulesInManaged (27ms)
				SetLoadedEditorAssemblies (0ms)
				RefreshPlugins (1ms)
				BeforeProcessingInitializeOnLoad (65ms)
				ProcessInitializeOnLoadAttributes (189ms)
				ProcessInitializeOnLoadMethodAttributes (19ms)
				AfterProcessingInitializeOnLoad (6ms)
				EditorAssembliesLoaded (0ms)
			ExecutionOrderSort2 (0ms)
			AwakeInstancesAfterBackupRestoration (5ms)
Platform modules already initialized, skipping
Refreshing native plugins compatible for Editor in 2.71 ms, found 4 plugins.
Preloading 0 native plugins for Editor in 0.00 ms.
Unloading 3370 Unused Serialized files (Serialized files now loaded: 0)
Unloading 33 unused Assets / (24.6 KB). Loaded Objects now: 3938.
Memory consumption went from 120.1 MB to 120.1 MB.
Total: 3.772400 ms (FindLiveObjects: 0.201500 ms CreateObjectMapping: 0.105600 ms MarkObjects: 3.432900 ms  DeleteObjects: 0.031500 ms)

AssetImportParameters requested are different than current active one (requested -> active):
  custom:video-decoder-ogg-theora: a1e56fd34408186e4bbccfd4996cb3dc -> 
  custom:container-muxer-webm: aa71ff27fc2769a1b78a27578f13a17b -> 
  custom:container-demuxer-webm: 4f35f7cbe854078d1ac9338744f61a02 -> 
  custom:video-encoder-webm-vp8: eb34c28f22e8b96e1ab97ce403110664 -> 
  custom:audio-encoder-webm-vorbis: bf7c407c2cedff20999df2af8eb42d56 -> 
  custom:framework-win-MediaFoundation: 216162199b28c13a410421893ffa2e32 -> 
  custom:container-demuxer-ogg: 62fdf1f143b41e24485cea50d1cbac27 -> 
  custom:video-decoder-webm-vp8: 9c59270c3fd7afecdb556c50c9e8de78 -> 
  custom:audio-decoder-ogg-vorbis: bf7c407c2cedff20999df2af8eb42d56 -> 
========================================================================
Received Prepare
Registering precompiled user dll's ...
Registered in 0.008639 seconds.
Begin MonoManager ReloadAssembly
Symbol file LoadedFromMemory doesn't match image C:\Users\user\unity\SuperBaby\Library\PackageCache\com.unity.visualscripting@1.8.0\Editor\VisualScripting.Core\Dependencies\YamlDotNet\Unity.VisualScripting.YamlDotNet.dll
Symbol file LoadedFromMemory doesn't match image C:\Users\user\unity\SuperBaby\Library\PackageCache\com.unity.visualscripting@1.8.0\Editor\VisualScripting.Core\Dependencies\DotNetZip\Unity.VisualScripting.IonicZip.dll
Native extension for WindowsStandalone target not found
Native extension for Android target not found
Native extension for WebGL target not found
Refreshing native plugins compatible for Editor in 0.57 ms, found 4 plugins.
Preloading 0 native plugins for Editor in 0.00 ms.
Mono: successfully reloaded assembly
- Completed reload, in  0.980 seconds
Domain Reload Profiling:
	ReloadAssembly (981ms)
		BeginReloadAssembly (127ms)
			ExecutionOrderSort (0ms)
			DisableScriptedObjects (5ms)
			BackupInstance (0ms)
			ReleaseScriptingObjects (0ms)
			CreateAndSetChildDomain (33ms)
		EndReloadAssembly (748ms)
			LoadAssemblies (81ms)
			RebuildTransferFunctionScriptingTraits (0ms)
			SetupTypeCache (252ms)
			ReleaseScriptCaches (2ms)
			RebuildScriptCaches (56ms)
			SetupLoadedEditorAssemblies (308ms)
				LogAssemblyErrors (0ms)
				InitializePlatformSupportModulesInManaged (26ms)
				SetLoadedEditorAssemblies (0ms)
				RefreshPlugins (1ms)
				BeforeProcessingInitializeOnLoad (63ms)
				ProcessInitializeOnLoadAttributes (188ms)
				ProcessInitializeOnLoadMethodAttributes (20ms)
				AfterProcessingInitializeOnLoad (10ms)
				EditorAssembliesLoaded (0ms)
			ExecutionOrderSort2 (0ms)
			AwakeInstancesAfterBackupRestoration (6ms)
Platform modules already initialized, skipping
Refreshing native plugins compatible for Editor in 2.68 ms, found 4 plugins.
Preloading 0 native plugins for Editor in 0.00 ms.
Unloading 3370 Unused Serialized files (Serialized files now loaded: 0)
Unloading 33 unused Assets / (25.6 KB). Loaded Objects now: 3941.
Memory consumption went from 120.1 MB to 120.1 MB.
Total: 2.522100 ms (FindLiveObjects: 0.203900 ms CreateObjectMapping: 0.109400 ms MarkObjects: 2.186600 ms  DeleteObjects: 0.021000 ms)

AssetImportParameters requested are different than current active one (requested -> active):
  custom:video-decoder-ogg-theora: a1e56fd34408186e4bbccfd4996cb3dc -> 
  custom:container-muxer-webm: aa71ff27fc2769a1b78a27578f13a17b -> 
  custom:container-demuxer-webm: 4f35f7cbe854078d1ac9338744f61a02 -> 
  custom:video-encoder-webm-vp8: eb34c28f22e8b96e1ab97ce403110664 -> 
  custom:audio-encoder-webm-vorbis: bf7c407c2cedff20999df2af8eb42d56 -> 
  custom:framework-win-MediaFoundation: 216162199b28c13a410421893ffa2e32 -> 
  custom:container-demuxer-ogg: 62fdf1f143b41e24485cea50d1cbac27 -> 
  custom:video-decoder-webm-vp8: 9c59270c3fd7afecdb556c50c9e8de78 -> 
  custom:audio-decoder-ogg-vorbis: bf7c407c2cedff20999df2af8eb42d56 -> 
========================================================================
Received Import Request.
  Time since last request: 2676.364035 seconds.
  path: Assets/Arts/UI/Phone
  artifactKey: Guid(5c46405b88931ff4990d8a0112c337fc) Importer(815301076,1909f56bfc062723c751e8b465ee728b)
Start importing Assets/Arts/UI/Phone using Guid(5c46405b88931ff4990d8a0112c337fc) Importer(815301076,1909f56bfc062723c751e8b465ee728b)  -> (artifact id: 'f968f166f041da86d16cf233a77e2ff6') in 0.013333 seconds 
========================================================================
Received Import Request.
  Time since last request: 5.762790 seconds.
  path: Assets/Arts/UI/Phone/phone.png
  artifactKey: Guid(2465393a72f843b4da82f32658a207b5) Importer(815301076,1909f56bfc062723c751e8b465ee728b)
Start importing Assets/Arts/UI/Phone/phone.png using Guid(2465393a72f843b4da82f32658a207b5) Importer(815301076,1909f56bfc062723c751e8b465ee728b)  -> (artifact id: 'e8f35c9e565e93e933b7d3759c0592c2') in 0.105753 seconds 
========================================================================
Received Import Request.
  Time since last request: 0.000023 seconds.
  path: Assets/Arts/UI/Phone/phone_calendar.png
  artifactKey: Guid(74ea580fa12bdac4fb4c0df44e0b0366) Importer(815301076,1909f56bfc062723c751e8b465ee728b)
Start importing Assets/Arts/UI/Phone/phone_calendar.png using Guid(74ea580fa12bdac4fb4c0df44e0b0366) Importer(815301076,1909f56bfc062723c751e8b465ee728b)  -> (artifact id: '2ef0d1841b4b19660b22a29c173ae873') in 0.016801 seconds 
========================================================================
Received Import Request.
  Time since last request: 11.176222 seconds.
  path: Assets/Arts/UI/Phone/phone_backbutton.png
  artifactKey: Guid(dc29d2ccc8c5697409ce1c7f51a338aa) Importer(815301076,1909f56bfc062723c751e8b465ee728b)
Start importing Assets/Arts/UI/Phone/phone_backbutton.png using Guid(dc29d2ccc8c5697409ce1c7f51a338aa) Importer(815301076,1909f56bfc062723c751e8b465ee728b)  -> (artifact id: '1c1ff69a5f3ca3419036d912cfe222cb') in 0.010615 seconds 
========================================================================
Received Import Request.
  Time since last request: 0.043424 seconds.
  path: Assets/Arts/UI/Phone/phone.png
  artifactKey: Guid(2465393a72f843b4da82f32658a207b5) Importer(815301076,1909f56bfc062723c751e8b465ee728b)
Start importing Assets/Arts/UI/Phone/phone.png using Guid(2465393a72f843b4da82f32658a207b5) Importer(815301076,1909f56bfc062723c751e8b465ee728b)  -> (artifact id: '892709a73fc6c8d777456cf9baa2c9ae') in 0.010953 seconds 
========================================================================
Received Import Request.
  Time since last request: 0.000021 seconds.
  path: Assets/Arts/UI/Phone/phone_homebutton.png
  artifactKey: Guid(a9fc350f24b254f40ba7b8f1f207615e) Importer(815301076,1909f56bfc062723c751e8b465ee728b)
Start importing Assets/Arts/UI/Phone/phone_homebutton.png using Guid(a9fc350f24b254f40ba7b8f1f207615e) Importer(815301076,1909f56bfc062723c751e8b465ee728b)  -> (artifact id: 'e9d7d743a92f3c9d2121c1ee561a8472') in 0.010953 seconds 
========================================================================
Received Import Request.
  Time since last request: 7.413758 seconds.
  path: Assets/Arts/UI/Phone/phone.png
  artifactKey: Guid(2465393a72f843b4da82f32658a207b5) Importer(815301076,1909f56bfc062723c751e8b465ee728b)
Start importing Assets/Arts/UI/Phone/phone.png using Guid(2465393a72f843b4da82f32658a207b5) Importer(815301076,1909f56bfc062723c751e8b465ee728b)  -> (artifact id: 'e76fafbc8504c6062d820434f1386aa8') in 0.027489 seconds 
========================================================================
Received Import Request.
  Time since last request: 32.053209 seconds.
  path: Assets/Arts/UI/Phone/phone_backbutton 1.png
  artifactKey: Guid(8ab492db6f8587f43b335a82f37032f1) Importer(815301076,1909f56bfc062723c751e8b465ee728b)
Start importing Assets/Arts/UI/Phone/phone_backbutton 1.png using Guid(8ab492db6f8587f43b335a82f37032f1) Importer(815301076,1909f56bfc062723c751e8b465ee728b)  -> (artifact id: 'a167f9122f0385f871a0ce4843a00afc') in 0.013760 seconds 
========================================================================
Received Import Request.
  Time since last request: 128.723155 seconds.
  path: Assets/Arts/UI/Chatting
  artifactKey: Guid(56951e9ab292c6e40b7dbc047b1ccb0f) Importer(815301076,1909f56bfc062723c751e8b465ee728b)
Start importing Assets/Arts/UI/Chatting using Guid(56951e9ab292c6e40b7dbc047b1ccb0f) Importer(815301076,1909f56bfc062723c751e8b465ee728b)  -> (artifact id: '35d8f9bd61761691b8db0fd1d08b51ab') in 0.006461 seconds 
========================================================================
Received Import Request.
  Time since last request: 6.874410 seconds.
  path: Assets/Arts/UI/Chatting/chatting_background.png
  artifactKey: Guid(b2cf46b47a038214b963cf8d911d0d8e) Importer(815301076,1909f56bfc062723c751e8b465ee728b)
Start importing Assets/Arts/UI/Chatting/chatting_background.png using Guid(b2cf46b47a038214b963cf8d911d0d8e) Importer(815301076,1909f56bfc062723c751e8b465ee728b)  -> (artifact id: 'de3d58da269d2b949f9eaa1afbf13d56') in 0.048282 seconds 
========================================================================
Received Import Request.
  Time since last request: 8.417438 seconds.
  path: Assets/Arts/UI/Chatting/chatting_talkbubbleplayer.png
  artifactKey: Guid(3243f3ad9f31fe14ba705a774c27a69e) Importer(815301076,1909f56bfc062723c751e8b465ee728b)
Start importing Assets/Arts/UI/Chatting/chatting_talkbubbleplayer.png using Guid(3243f3ad9f31fe14ba705a774c27a69e) Importer(815301076,1909f56bfc062723c751e8b465ee728b)  -> (artifact id: '2ac139d4891db8441db7d554b06f28f5') in 0.009534 seconds 
========================================================================
Received Import Request.
  Time since last request: 0.045233 seconds.
  path: Assets/Arts/UI/Chatting/chatting_background.png
  artifactKey: Guid(b2cf46b47a038214b963cf8d911d0d8e) Importer(815301076,1909f56bfc062723c751e8b465ee728b)
Start importing Assets/Arts/UI/Chatting/chatting_background.png using Guid(b2cf46b47a038214b963cf8d911d0d8e) Importer(815301076,1909f56bfc062723c751e8b465ee728b)  -> (artifact id: '39cb571f4c2d94150981c16b91ffc97d') in 0.012641 seconds 
========================================================================
Received Import Request.
  Time since last request: 7.023442 seconds.
  path: Assets/Arts/UI/Chatting/chatting_background.png
  artifactKey: Guid(b2cf46b47a038214b963cf8d911d0d8e) Importer(815301076,1909f56bfc062723c751e8b465ee728b)
Start importing Assets/Arts/UI/Chatting/chatting_background.png using Guid(b2cf46b47a038214b963cf8d911d0d8e) Importer(815301076,1909f56bfc062723c751e8b465ee728b)  -> (artifact id: '8f529ec4629de6a26abd19eebe48c2ad') in 0.030623 seconds 
========================================================================
Received Import Request.
  Time since last request: 21.107343 seconds.
  path: Assets/Arts/UI/Chatting/chatting_option.png
  artifactKey: Guid(cc492a4619116514ba0a855320aded1e) Importer(815301076,1909f56bfc062723c751e8b465ee728b)
Start importing Assets/Arts/UI/Chatting/chatting_option.png using Guid(cc492a4619116514ba0a855320aded1e) Importer(815301076,1909f56bfc062723c751e8b465ee728b)  -> (artifact id: 'f16c7c890252e71e2c837424f6cfb9dd') in 0.013037 seconds 
========================================================================
Received Import Request.
  Time since last request: 12.307924 seconds.
  path: Assets/Arts/UI/Chatting/chatting_talkbubble.png
  artifactKey: Guid(226bac26a059af7459edf870be32a87f) Importer(815301076,1909f56bfc062723c751e8b465ee728b)
Start importing Assets/Arts/UI/Chatting/chatting_talkbubble.png using Guid(226bac26a059af7459edf870be32a87f) Importer(815301076,1909f56bfc062723c751e8b465ee728b)  -> (artifact id: '723beedfb9cf9f5a1ab3f4edf8cbc4fb') in 0.012719 seconds 
========================================================================
Received Import Request.
  Time since last request: 7.453853 seconds.
  path: Assets/Arts/UI/Chatting/chatting_talkbubbleplayer.png
  artifactKey: Guid(3243f3ad9f31fe14ba705a774c27a69e) Importer(815301076,1909f56bfc062723c751e8b465ee728b)
Start importing Assets/Arts/UI/Chatting/chatting_talkbubbleplayer.png using Guid(3243f3ad9f31fe14ba705a774c27a69e) Importer(815301076,1909f56bfc062723c751e8b465ee728b)  -> (artifact id: 'b8cd3b2818e40ff778e8b088906fddb0') in 0.011801 seconds 
========================================================================
Received Prepare
Registering precompiled user dll's ...
Registered in 0.004110 seconds.
Begin MonoManager ReloadAssembly
Symbol file LoadedFromMemory doesn't match image C:\Users\user\unity\SuperBaby\Library\PackageCache\com.unity.visualscripting@1.8.0\Editor\VisualScripting.Core\Dependencies\YamlDotNet\Unity.VisualScripting.YamlDotNet.dll
Symbol file LoadedFromMemory doesn't match image C:\Users\user\unity\SuperBaby\Library\PackageCache\com.unity.visualscripting@1.8.0\Editor\VisualScripting.Core\Dependencies\DotNetZip\Unity.VisualScripting.IonicZip.dll
Native extension for WindowsStandalone target not found
Native extension for Android target not found
Native extension for WebGL target not found
Refreshing native plugins compatible for Editor in 0.73 ms, found 4 plugins.
Preloading 0 native plugins for Editor in 0.00 ms.
Mono: successfully reloaded assembly
- Completed reload, in  1.039 seconds
Domain Reload Profiling:
	ReloadAssembly (1040ms)
		BeginReloadAssembly (129ms)
			ExecutionOrderSort (0ms)
			DisableScriptedObjects (6ms)
			BackupInstance (0ms)
			ReleaseScriptingObjects (0ms)
			CreateAndSetChildDomain (39ms)
		EndReloadAssembly (810ms)
			LoadAssemblies (76ms)
			RebuildTransferFunctionScriptingTraits (0ms)
			SetupTypeCache (269ms)
			ReleaseScriptCaches (2ms)
			RebuildScriptCaches (60ms)
			SetupLoadedEditorAssemblies (339ms)
				LogAssemblyErrors (0ms)
				InitializePlatformSupportModulesInManaged (30ms)
				SetLoadedEditorAssemblies (0ms)
				RefreshPlugins (1ms)
				BeforeProcessingInitializeOnLoad (71ms)
				ProcessInitializeOnLoadAttributes (210ms)
				ProcessInitializeOnLoadMethodAttributes (19ms)
				AfterProcessingInitializeOnLoad (7ms)
				EditorAssembliesLoaded (0ms)
			ExecutionOrderSort2 (0ms)
			AwakeInstancesAfterBackupRestoration (6ms)
Platform modules already initialized, skipping
Refreshing native plugins compatible for Editor in 3.00 ms, found 4 plugins.
Preloading 0 native plugins for Editor in 0.00 ms.
Unloading 3370 Unused Serialized files (Serialized files now loaded: 0)
Unloading 33 unused Assets / (24.6 KB). Loaded Objects now: 3960.
Memory consumption went from 120.1 MB to 120.0 MB.
Total: 2.758200 ms (FindLiveObjects: 0.192600 ms CreateObjectMapping: 0.075600 ms MarkObjects: 2.448800 ms  DeleteObjects: 0.040500 ms)

AssetImportParameters requested are different than current active one (requested -> active):
  custom:video-decoder-ogg-theora: a1e56fd34408186e4bbccfd4996cb3dc -> 
  custom:container-muxer-webm: aa71ff27fc2769a1b78a27578f13a17b -> 
  custom:container-demuxer-webm: 4f35f7cbe854078d1ac9338744f61a02 -> 
  custom:video-encoder-webm-vp8: eb34c28f22e8b96e1ab97ce403110664 -> 
  custom:audio-encoder-webm-vorbis: bf7c407c2cedff20999df2af8eb42d56 -> 
  custom:framework-win-MediaFoundation: 216162199b28c13a410421893ffa2e32 -> 
  custom:container-demuxer-ogg: 62fdf1f143b41e24485cea50d1cbac27 -> 
  custom:video-decoder-webm-vp8: 9c59270c3fd7afecdb556c50c9e8de78 -> 
  custom:audio-decoder-ogg-vorbis: bf7c407c2cedff20999df2af8eb42d56 -> 
